<?xml version="1.0" encoding="UTF-8"?>
<coverage generated="1771584149967" clover="3.2.0">
  <project timestamp="1771584149967" name="All files">
    <metrics statements="455" coveredstatements="345" conditionals="297" coveredconditionals="204" methods="145" coveredmethods="105" elements="897" coveredelements="654" complexity="0" loc="455" ncloc="455" packages="10" files="29" classes="29"/>
    <package name="features.comments.components">
      <metrics statements="29" coveredstatements="24" conditionals="18" coveredconditionals="14" methods="8" coveredmethods="7"/>
      <file name="CommentForm.tsx" path="/home/kotrvn/work/incident-inbox-frontend/src/features/comments/components/CommentForm.tsx">
        <metrics statements="20" coveredstatements="16" conditionals="14" coveredconditionals="11" methods="5" coveredmethods="4"/>
        <line num="23" count="3" type="stmt"/>
        <line num="25" count="3" type="cond" truecount="1" falsecount="0"/>
        <line num="26" count="125" type="stmt"/>
        <line num="30" count="125" type="stmt"/>
        <line num="31" count="3" type="stmt"/>
        <line num="33" count="3" type="cond" truecount="1" falsecount="1"/>
        <line num="34" count="0" type="stmt"/>
        <line num="38" count="0" type="stmt"/>
        <line num="41" count="3" type="stmt"/>
        <line num="42" count="3" type="stmt"/>
        <line num="43" count="3" type="stmt"/>
        <line num="44" count="3" type="stmt"/>
        <line num="49" count="0" type="stmt"/>
        <line num="56" count="125" type="stmt"/>
        <line num="57" count="0" type="stmt"/>
        <line num="60" count="125" type="stmt"/>
        <line num="61" count="2" type="cond" truecount="1" falsecount="1"/>
        <line num="62" count="2" type="stmt"/>
        <line num="69" count="125" type="stmt"/>
        <line num="96" count="97" type="stmt"/>
      </file>
      <file name="CommentItem.tsx" path="/home/kotrvn/work/incident-inbox-frontend/src/features/comments/components/CommentItem.tsx">
        <metrics statements="2" coveredstatements="2" conditionals="0" coveredconditionals="0" methods="1" coveredmethods="1"/>
        <line num="9" count="3" type="stmt"/>
        <line num="10" count="8" type="stmt"/>
      </file>
      <file name="CommentList.tsx" path="/home/kotrvn/work/incident-inbox-frontend/src/features/comments/components/CommentList.tsx">
        <metrics statements="7" coveredstatements="6" conditionals="4" coveredconditionals="3" methods="2" coveredmethods="2"/>
        <line num="11" count="3" type="stmt"/>
        <line num="12" count="14" type="cond" truecount="1" falsecount="1"/>
        <line num="13" count="0" type="stmt"/>
        <line num="20" count="14" type="cond" truecount="2" falsecount="0"/>
        <line num="21" count="8" type="stmt"/>
        <line num="29" count="6" type="stmt"/>
        <line num="32" count="8" type="stmt"/>
      </file>
    </package>
    <package name="features.comments.hooks">
      <metrics statements="59" coveredstatements="53" conditionals="17" coveredconditionals="13" methods="13" coveredmethods="13"/>
      <file name="useCommentDraft.ts" path="/home/kotrvn/work/incident-inbox-frontend/src/features/comments/hooks/useCommentDraft.ts">
        <metrics statements="43" coveredstatements="39" conditionals="13" coveredconditionals="11" methods="6" coveredmethods="6"/>
        <line num="9" count="3" type="cond" truecount="1" falsecount="0"/>
        <line num="10" count="125" type="stmt"/>
        <line num="11" count="125" type="stmt"/>
        <line num="12" count="125" type="stmt"/>
        <line num="14" count="125" type="stmt"/>
        <line num="16" count="125" type="stmt"/>
        <line num="17" count="9" type="stmt"/>
        <line num="18" count="9" type="stmt"/>
        <line num="19" count="9" type="cond" truecount="2" falsecount="0"/>
        <line num="20" count="9" type="stmt"/>
        <line num="22" count="9" type="cond" truecount="2" falsecount="0"/>
        <line num="23" count="1" type="stmt"/>
        <line num="24" count="1" type="stmt"/>
        <line num="27" count="0" type="stmt"/>
        <line num="31" count="9" type="stmt"/>
        <line num="34" count="125" type="stmt"/>
        <line num="35" count="11" type="stmt"/>
        <line num="36" count="11" type="cond" truecount="2" falsecount="0"/>
        <line num="37" count="9" type="stmt"/>
        <line num="38" count="9" type="cond" truecount="2" falsecount="0"/>
        <line num="39" count="9" type="stmt"/>
        <line num="40" count="9" type="stmt"/>
        <line num="41" count="9" type="stmt"/>
        <line num="43" count="0" type="stmt"/>
        <line num="45" count="9" type="stmt"/>
        <line num="48" count="2" type="stmt"/>
        <line num="50" count="2" type="stmt"/>
        <line num="51" count="2" type="cond" truecount="1" falsecount="1"/>
        <line num="52" count="11" type="stmt"/>
        <line num="56" count="11" type="stmt"/>
        <line num="57" count="11" type="stmt"/>
        <line num="59" count="0" type="stmt"/>
        <line num="61" count="2" type="stmt"/>
        <line num="65" count="11" type="stmt"/>
        <line num="68" count="125" type="stmt"/>
        <line num="69" count="3" type="stmt"/>
        <line num="70" count="3" type="cond" truecount="1" falsecount="1"/>
        <line num="71" count="3" type="stmt"/>
        <line num="72" count="3" type="stmt"/>
        <line num="73" count="3" type="stmt"/>
        <line num="74" count="3" type="stmt"/>
        <line num="76" count="0" type="stmt"/>
        <line num="80" count="125" type="stmt"/>
      </file>
      <file name="useComments.ts" path="/home/kotrvn/work/incident-inbox-frontend/src/features/comments/hooks/useComments.ts">
        <metrics statements="16" coveredstatements="14" conditionals="4" coveredconditionals="2" methods="7" coveredmethods="7"/>
        <line num="4" count="3" type="stmt"/>
        <line num="6" count="3" type="stmt"/>
        <line num="7" count="25" type="stmt"/>
        <line num="10" count="13" type="stmt"/>
        <line num="11" count="13" type="cond" truecount="1" falsecount="1"/>
        <line num="12" count="0" type="stmt"/>
        <line num="14" count="13" type="stmt"/>
        <line num="20" count="3" type="stmt"/>
        <line num="21" count="25" type="stmt"/>
        <line num="23" count="25" type="stmt"/>
        <line num="25" count="3" type="stmt"/>
        <line num="32" count="3" type="cond" truecount="1" falsecount="1"/>
        <line num="33" count="0" type="stmt"/>
        <line num="35" count="3" type="stmt"/>
        <line num="38" count="3" type="stmt"/>
        <line num="39" count="3" type="stmt"/>
      </file>
    </package>
    <package name="features.incidents.components">
      <metrics statements="61" coveredstatements="47" conditionals="40" coveredconditionals="31" methods="32" coveredmethods="21"/>
      <file name="BulkActionBar.tsx" path="/home/kotrvn/work/incident-inbox-frontend/src/features/incidents/components/BulkActionBar.tsx">
        <metrics statements="11" coveredstatements="6" conditionals="2" coveredconditionals="1" methods="7" coveredmethods="3"/>
        <line num="25" count="2" type="stmt"/>
        <line num="26" count="8" type="stmt"/>
        <line num="32" count="2" type="stmt"/>
        <line num="33" count="8" type="stmt"/>
        <line num="39" count="2" type="stmt"/>
        <line num="46" count="8" type="cond" truecount="1" falsecount="1"/>
        <line num="48" count="0" type="stmt"/>
        <line num="70" count="0" type="stmt"/>
        <line num="85" count="0" type="stmt"/>
        <line num="99" count="0" type="stmt"/>
        <line num="114" count="0" type="stmt"/>
      </file>
      <file name="IncidentPriorityBadge.tsx" path="/home/kotrvn/work/incident-inbox-frontend/src/features/incidents/components/IncidentPriorityBadge.tsx">
        <metrics statements="3" coveredstatements="3" conditionals="2" coveredconditionals="2" methods="1" coveredmethods="1"/>
        <line num="9" count="5" type="stmt"/>
        <line num="16" count="5" type="stmt"/>
        <line num="17" count="106" type="stmt"/>
      </file>
      <file name="IncidentPrioritySelect.tsx" path="/home/kotrvn/work/incident-inbox-frontend/src/features/incidents/components/IncidentPrioritySelect.tsx">
        <metrics statements="6" coveredstatements="5" conditionals="0" coveredconditionals="0" methods="4" coveredmethods="3"/>
        <line num="18" count="3" type="stmt"/>
        <line num="19" count="12" type="stmt"/>
        <line num="25" count="3" type="stmt"/>
        <line num="30" count="14" type="stmt"/>
        <line num="36" count="0" type="stmt"/>
        <line num="51" count="56" type="stmt"/>
      </file>
      <file name="IncidentStatusBadge.tsx" path="/home/kotrvn/work/incident-inbox-frontend/src/features/incidents/components/IncidentStatusBadge.tsx">
        <metrics statements="3" coveredstatements="3" conditionals="0" coveredconditionals="0" methods="1" coveredmethods="1"/>
        <line num="9" count="5" type="stmt"/>
        <line num="16" count="5" type="stmt"/>
        <line num="17" count="106" type="stmt"/>
      </file>
      <file name="IncidentStatusSelect.tsx" path="/home/kotrvn/work/incident-inbox-frontend/src/features/incidents/components/IncidentStatusSelect.tsx">
        <metrics statements="6" coveredstatements="6" conditionals="0" coveredconditionals="0" methods="4" coveredmethods="4"/>
        <line num="18" count="3" type="stmt"/>
        <line num="19" count="12" type="stmt"/>
        <line num="25" count="3" type="stmt"/>
        <line num="30" count="14" type="stmt"/>
        <line num="36" count="2" type="stmt"/>
        <line num="51" count="56" type="stmt"/>
      </file>
      <file name="IncidentTable.tsx" path="/home/kotrvn/work/incident-inbox-frontend/src/features/incidents/components/IncidentTable.tsx">
        <metrics statements="32" coveredstatements="24" conditionals="36" coveredconditionals="28" methods="15" coveredmethods="9"/>
        <line num="21" count="3" type="stmt"/>
        <line num="31" count="15" type="stmt"/>
        <line num="33" count="15" type="stmt"/>
        <line num="34" count="14" type="stmt"/>
        <line num="37" count="15" type="stmt"/>
        <line num="38" count="60" type="cond" truecount="2" falsecount="0"/>
        <line num="39" count="8" type="cond" truecount="1" falsecount="1"/>
        <line num="50" count="15" type="stmt"/>
        <line num="51" count="1" type="cond" truecount="1" falsecount="1"/>
        <line num="52" count="1" type="stmt"/>
        <line num="56" count="15" type="stmt"/>
        <line num="58" count="0" type="cond" truecount="0" falsecount="2"/>
        <line num="59" count="0" type="cond" truecount="0" falsecount="2"/>
        <line num="60" count="0" type="stmt"/>
        <line num="61" count="0" type="stmt"/>
        <line num="64" count="15" type="stmt"/>
        <line num="66" count="1" type="cond" truecount="1" falsecount="1"/>
        <line num="67" count="1" type="cond" truecount="1" falsecount="1"/>
        <line num="69" count="0" type="stmt"/>
        <line num="71" count="1" type="stmt"/>
        <line num="72" count="1" type="stmt"/>
        <line num="75" count="15" type="cond" truecount="2" falsecount="0"/>
        <line num="76" count="15" type="cond" truecount="2" falsecount="0"/>
        <line num="78" count="15" type="stmt"/>
        <line num="97" count="1" type="stmt"/>
        <line num="103" count="0" type="stmt"/>
        <line num="111" count="0" type="stmt"/>
        <line num="117" count="0" type="stmt"/>
        <line num="125" count="92" type="stmt"/>
        <line num="127" count="92" type="stmt"/>
        <line num="139" count="1" type="stmt"/>
        <line num="156" count="1" type="stmt"/>
      </file>
    </package>
    <package name="features.incidents.hooks">
      <metrics statements="48" coveredstatements="37" conditionals="22" coveredconditionals="17" methods="18" coveredmethods="13"/>
      <file name="useBulkUpdate.ts" path="/home/kotrvn/work/incident-inbox-frontend/src/features/incidents/hooks/useBulkUpdate.ts">
        <metrics statements="13" coveredstatements="3" conditionals="2" coveredconditionals="0" methods="5" coveredmethods="1"/>
        <line num="13" count="2" type="stmt"/>
        <line num="14" count="27" type="stmt"/>
        <line num="16" count="27" type="stmt"/>
        <line num="18" count="0" type="stmt"/>
        <line num="26" count="0" type="cond" truecount="0" falsecount="2"/>
        <line num="27" count="0" type="stmt"/>
        <line num="30" count="0" type="stmt"/>
        <line num="33" count="0" type="stmt"/>
        <line num="35" count="0" type="stmt"/>
        <line num="36" count="0" type="stmt"/>
        <line num="39" count="0" type="stmt"/>
        <line num="45" count="0" type="stmt"/>
        <line num="50" count="0" type="stmt"/>
      </file>
      <file name="useIncidents.ts" path="/home/kotrvn/work/incident-inbox-frontend/src/features/incidents/hooks/useIncidents.ts">
        <metrics statements="35" coveredstatements="34" conditionals="20" coveredconditionals="17" methods="13" coveredmethods="12"/>
        <line num="4" count="4" type="stmt"/>
        <line num="15" count="4" type="cond" truecount="1" falsecount="0"/>
        <line num="24" count="27" type="stmt"/>
        <line num="26" count="27" type="stmt"/>
        <line num="27" count="27" type="stmt"/>
        <line num="28" count="27" type="stmt"/>
        <line num="29" count="27" type="cond" truecount="2" falsecount="0"/>
        <line num="30" count="27" type="cond" truecount="1" falsecount="1"/>
        <line num="31" count="27" type="cond" truecount="1" falsecount="1"/>
        <line num="32" count="27" type="stmt"/>
        <line num="33" count="27" type="stmt"/>
        <line num="35" count="27" type="stmt"/>
        <line num="38" count="12" type="stmt"/>
        <line num="39" count="12" type="cond" truecount="2" falsecount="0"/>
        <line num="40" count="2" type="stmt"/>
        <line num="42" count="10" type="stmt"/>
        <line num="47" count="4" type="stmt"/>
        <line num="48" count="25" type="stmt"/>
        <line num="51" count="15" type="stmt"/>
        <line num="52" count="15" type="cond" truecount="2" falsecount="0"/>
        <line num="53" count="1" type="stmt"/>
        <line num="55" count="14" type="stmt"/>
        <line num="62" count="4" type="stmt"/>
        <line num="63" count="25" type="stmt"/>
        <line num="65" count="25" type="stmt"/>
        <line num="67" count="2" type="stmt"/>
        <line num="72" count="2" type="cond" truecount="1" falsecount="1"/>
        <line num="73" count="2" type="stmt"/>
        <line num="77" count="2" type="stmt"/>
        <line num="79" count="2" type="stmt"/>
        <line num="81" count="2" type="stmt"/>
        <line num="87" count="2" type="stmt"/>
        <line num="91" count="0" type="stmt"/>
        <line num="95" count="2" type="stmt"/>
        <line num="96" count="2" type="stmt"/>
      </file>
    </package>
    <package name="mocks">
      <metrics statements="68" coveredstatements="50" conditionals="45" coveredconditionals="23" methods="17" coveredmethods="13"/>
      <file name="data.ts" path="/home/kotrvn/work/incident-inbox-frontend/src/mocks/data.ts">
        <metrics statements="2" coveredstatements="2" conditionals="0" coveredconditionals="0" methods="0" coveredmethods="0"/>
        <line num="3" count="5" type="stmt"/>
        <line num="205" count="5" type="stmt"/>
      </file>
      <file name="handlers.ts" path="/home/kotrvn/work/incident-inbox-frontend/src/mocks/handlers.ts">
        <metrics statements="65" coveredstatements="47" conditionals="45" coveredconditionals="23" methods="17" coveredmethods="13"/>
        <line num="5" count="5" type="stmt"/>
        <line num="6" count="5" type="stmt"/>
        <line num="10" count="5" type="stmt"/>
        <line num="11" count="1032" type="cond" truecount="1" falsecount="7"/>
        <line num="13" count="0" type="stmt"/>
        <line num="15" count="0" type="stmt"/>
        <line num="17" count="0" type="stmt"/>
        <line num="19" count="0" type="stmt"/>
        <line num="21" count="0" type="stmt"/>
        <line num="23" count="1032" type="stmt"/>
        <line num="25" count="0" type="stmt"/>
        <line num="27" count="0" type="stmt"/>
        <line num="31" count="5" type="stmt"/>
        <line num="32" count="516" type="cond" truecount="3" falsecount="1"/>
        <line num="33" count="420" type="cond" truecount="2" falsecount="2"/>
        <line num="34" count="0" type="stmt"/>
        <line num="37" count="5" type="stmt"/>
        <line num="39" count="15" type="stmt"/>
        <line num="41" count="15" type="cond" truecount="1" falsecount="1"/>
        <line num="42" count="15" type="cond" truecount="1" falsecount="1"/>
        <line num="43" count="15" type="cond" truecount="2" falsecount="0"/>
        <line num="44" count="15" type="stmt"/>
        <line num="45" count="15" type="stmt"/>
        <line num="46" count="15" type="cond" truecount="1" falsecount="1"/>
        <line num="47" count="15" type="cond" truecount="1" falsecount="1"/>
        <line num="49" count="15" type="stmt"/>
        <line num="51" count="15" type="cond" truecount="2" falsecount="0"/>
        <line num="52" count="3" type="stmt"/>
        <line num="54" count="45" type="cond" truecount="3" falsecount="0"/>
        <line num="60" count="15" type="cond" truecount="2" falsecount="2"/>
        <line num="61" count="0" type="stmt"/>
        <line num="64" count="15" type="cond" truecount="2" falsecount="2"/>
        <line num="65" count="0" type="stmt"/>
        <line num="68" count="15" type="stmt"/>
        <line num="69" count="516" type="stmt"/>
        <line num="70" count="516" type="stmt"/>
        <line num="71" count="516" type="stmt"/>
        <line num="74" count="15" type="stmt"/>
        <line num="75" count="15" type="stmt"/>
        <line num="76" count="15" type="stmt"/>
        <line num="77" count="15" type="stmt"/>
        <line num="79" count="15" type="stmt"/>
        <line num="93" count="56" type="stmt"/>
        <line num="95" count="28" type="cond" truecount="1" falsecount="1"/>
        <line num="96" count="0" type="stmt"/>
        <line num="101" count="128" type="stmt"/>
        <line num="103" count="28" type="stmt"/>
        <line num="110" count="4" type="stmt"/>
        <line num="111" count="2" type="stmt"/>
        <line num="113" count="2" type="cond" truecount="1" falsecount="1"/>
        <line num="114" count="0" type="stmt"/>
        <line num="119" count="2" type="stmt"/>
        <line num="125" count="2" type="stmt"/>
        <line num="129" count="120" type="stmt"/>
        <line num="130" count="26" type="stmt"/>
        <line num="134" count="6" type="stmt"/>
        <line num="136" count="3" type="stmt"/>
        <line num="144" count="3" type="stmt"/>
        <line num="145" count="3" type="stmt"/>
        <line num="149" count="0" type="stmt"/>
        <line num="154" count="0" type="stmt"/>
        <line num="155" count="0" type="cond" truecount="0" falsecount="2"/>
        <line num="156" count="0" type="stmt"/>
        <line num="162" count="0" type="stmt"/>
        <line num="165" count="0" type="stmt"/>
      </file>
      <file name="server.ts" path="/home/kotrvn/work/incident-inbox-frontend/src/mocks/server.ts">
        <metrics statements="1" coveredstatements="1" conditionals="0" coveredconditionals="0" methods="0" coveredmethods="0"/>
        <line num="4" count="5" type="stmt"/>
      </file>
    </package>
    <package name="routes.incidents">
      <metrics statements="117" coveredstatements="77" conditionals="101" coveredconditionals="69" methods="34" coveredmethods="19"/>
      <file name="[id].tsx" path="/home/kotrvn/work/incident-inbox-frontend/src/routes/incidents/[id].tsx">
        <metrics statements="24" coveredstatements="18" conditionals="8" coveredconditionals="7" methods="5" coveredmethods="3"/>
        <line num="28" count="3" type="stmt"/>
        <line num="29" count="25" type="stmt"/>
        <line num="30" count="25" type="stmt"/>
        <line num="32" count="25" type="stmt"/>
        <line num="33" count="25" type="stmt"/>
        <line num="34" count="25" type="stmt"/>
        <line num="35" count="25" type="stmt"/>
        <line num="37" count="25" type="cond" truecount="2" falsecount="0"/>
        <line num="39" count="15" type="cond" truecount="4" falsecount="0"/>
        <line num="40" count="1" type="stmt"/>
        <line num="48" count="14" type="stmt"/>
        <line num="49" count="2" type="stmt"/>
        <line num="50" count="2" type="stmt"/>
        <line num="54" count="2" type="stmt"/>
        <line num="59" count="0" type="stmt"/>
        <line num="66" count="14" type="stmt"/>
        <line num="67" count="0" type="stmt"/>
        <line num="68" count="0" type="stmt"/>
        <line num="72" count="0" type="stmt"/>
        <line num="77" count="0" type="stmt"/>
        <line num="84" count="14" type="stmt"/>
        <line num="85" count="3" type="stmt"/>
        <line num="92" count="14" type="stmt"/>
        <line num="96" count="0" type="stmt"/>
      </file>
      <file name="index.tsx" path="/home/kotrvn/work/incident-inbox-frontend/src/routes/incidents/index.tsx">
        <metrics statements="93" coveredstatements="59" conditionals="93" coveredconditionals="62" methods="29" coveredmethods="16"/>
        <line num="30" count="2" type="stmt"/>
        <line num="31" count="27" type="stmt"/>
        <line num="32" count="27" type="stmt"/>
        <line num="33" count="27" type="cond" truecount="2" falsecount="0"/>
        <line num="34" count="27" type="stmt"/>
        <line num="36" count="27" type="cond" truecount="2" falsecount="0"/>
        <line num="37" count="27" type="cond" truecount="2" falsecount="0"/>
        <line num="38" count="27" type="cond" truecount="2" falsecount="0"/>
        <line num="39" count="27" type="stmt"/>
        <line num="43" count="27" type="cond" truecount="2" falsecount="0"/>
        <line num="44" count="27" type="cond" truecount="2" falsecount="0"/>
        <line num="46" count="27" type="stmt"/>
        <line num="48" count="27" type="stmt"/>
        <line num="50" count="27" type="stmt"/>
        <line num="60" count="27" type="stmt"/>
        <line num="62" count="27" type="stmt"/>
        <line num="65" count="108" type="stmt"/>
        <line num="72" count="27" type="stmt"/>
        <line num="75" count="108" type="stmt"/>
        <line num="82" count="27" type="stmt"/>
        <line num="83" count="9" type="stmt"/>
        <line num="84" count="9" type="stmt"/>
        <line num="85" count="9" type="stmt"/>
        <line num="89" count="27" type="stmt"/>
        <line num="90" count="11" type="stmt"/>
        <line num="92" count="11" type="cond" truecount="2" falsecount="0"/>
        <line num="93" count="11" type="cond" truecount="1" falsecount="1"/>
        <line num="94" count="11" type="cond" truecount="1" falsecount="1"/>
        <line num="95" count="11" type="cond" truecount="1" falsecount="1"/>
        <line num="96" count="11" type="cond" truecount="1" falsecount="1"/>
        <line num="97" count="11" type="cond" truecount="1" falsecount="1"/>
        <line num="98" count="11" type="cond" truecount="1" falsecount="1"/>
        <line num="100" count="11" type="stmt"/>
        <line num="101" count="11" type="stmt"/>
        <line num="103" count="11" type="cond" truecount="2" falsecount="0"/>
        <line num="104" count="2" type="stmt"/>
        <line num="118" count="27" type="stmt"/>
        <line num="119" count="0" type="cond" truecount="0" falsecount="2"/>
        <line num="120" count="0" type="cond" truecount="0" falsecount="2"/>
        <line num="122" count="0" type="stmt"/>
        <line num="123" count="0" type="stmt"/>
        <line num="127" count="27" type="stmt"/>
        <line num="128" count="11" type="stmt"/>
        <line num="129" count="11" type="cond" truecount="3" falsecount="1"/>
        <line num="130" count="0" type="stmt"/>
        <line num="134" count="11" type="stmt"/>
        <line num="137" count="27" type="stmt"/>
        <line num="138" count="21" type="stmt"/>
        <line num="139" count="21" type="cond" truecount="2" falsecount="0"/>
        <line num="144" count="9" type="cond" truecount="1" falsecount="1"/>
        <line num="145" count="0" type="stmt"/>
        <line num="150" count="21" type="stmt"/>
        <line num="153" count="27" type="stmt"/>
        <line num="154" count="2" type="stmt"/>
        <line num="157" count="27" type="stmt"/>
        <line num="158" count="0" type="stmt"/>
        <line num="159" count="0" type="stmt"/>
        <line num="160" count="0" type="stmt"/>
        <line num="161" count="0" type="stmt"/>
        <line num="162" count="0" type="stmt"/>
        <line num="163" count="0" type="stmt"/>
        <line num="164" count="0" type="stmt"/>
        <line num="165" count="0" type="stmt"/>
        <line num="166" count="0" type="stmt"/>
        <line num="169" count="27" type="stmt"/>
        <line num="170" count="0" type="stmt"/>
        <line num="171" count="0" type="cond" truecount="0" falsecount="4"/>
        <line num="172" count="0" type="stmt"/>
        <line num="173" count="0" type="stmt"/>
        <line num="177" count="27" type="stmt"/>
        <line num="178" count="0" type="stmt"/>
        <line num="179" count="0" type="stmt"/>
        <line num="180" count="0" type="stmt"/>
        <line num="183" count="27" type="stmt"/>
        <line num="184" count="0" type="cond" truecount="0" falsecount="2"/>
        <line num="185" count="0" type="stmt"/>
        <line num="189" count="0" type="stmt"/>
        <line num="190" count="0" type="stmt"/>
        <line num="196" count="27" type="stmt"/>
        <line num="197" count="0" type="cond" truecount="0" falsecount="2"/>
        <line num="198" count="0" type="stmt"/>
        <line num="202" count="0" type="stmt"/>
        <line num="203" count="0" type="stmt"/>
        <line num="209" count="27" type="cond" truecount="2" falsecount="0"/>
        <line num="210" count="2" type="stmt"/>
        <line num="214" count="1" type="stmt"/>
        <line num="219" count="25" type="stmt"/>
        <line num="253" count="0" type="cond" truecount="0" falsecount="2"/>
        <line num="267" count="125" type="stmt"/>
        <line num="285" count="0" type="cond" truecount="0" falsecount="2"/>
        <line num="299" count="125" type="stmt"/>
        <line num="343" count="0" type="stmt"/>
        <line num="363" count="0" type="stmt"/>
      </file>
    </package>
    <package name="shared.components">
      <metrics statements="36" coveredstatements="32" conditionals="35" coveredconditionals="29" methods="14" coveredmethods="11"/>
      <file name="EmptyState.tsx" path="/home/kotrvn/work/incident-inbox-frontend/src/shared/components/EmptyState.tsx">
        <metrics statements="2" coveredstatements="2" conditionals="5" coveredconditionals="5" methods="1" coveredmethods="1"/>
        <line num="11" count="4" type="stmt"/>
        <line num="17" count="10" type="stmt"/>
      </file>
      <file name="ErrorMessage.tsx" path="/home/kotrvn/work/incident-inbox-frontend/src/shared/components/ErrorMessage.tsx">
        <metrics statements="2" coveredstatements="2" conditionals="4" coveredconditionals="4" methods="1" coveredmethods="1"/>
        <line num="10" count="4" type="stmt"/>
        <line num="15" count="3" type="stmt"/>
      </file>
      <file name="LoadingSpinner.tsx" path="/home/kotrvn/work/incident-inbox-frontend/src/shared/components/LoadingSpinner.tsx">
        <metrics statements="2" coveredstatements="2" conditionals="1" coveredconditionals="1" methods="1" coveredmethods="1"/>
        <line num="7" count="3" type="cond" truecount="1" falsecount="0"/>
        <line num="8" count="10" type="stmt"/>
      </file>
      <file name="Pagination.tsx" path="/home/kotrvn/work/incident-inbox-frontend/src/shared/components/Pagination.tsx">
        <metrics statements="16" coveredstatements="12" conditionals="19" coveredconditionals="13" methods="6" coveredmethods="3"/>
        <line num="25" count="2" type="stmt"/>
        <line num="34" count="2" type="stmt"/>
        <line num="43" count="8" type="cond" truecount="1" falsecount="1"/>
        <line num="44" count="8" type="cond" truecount="1" falsecount="1"/>
        <line num="45" count="8" type="cond" truecount="1" falsecount="1"/>
        <line num="46" count="8" type="cond" truecount="1" falsecount="1"/>
        <line num="47" count="8" type="cond" truecount="1" falsecount="1"/>
        <line num="48" count="8" type="stmt"/>
        <line num="50" count="8" type="cond" truecount="1" falsecount="1"/>
        <line num="51" count="0" type="stmt"/>
        <line num="54" count="8" type="stmt"/>
        <line num="65" count="0" type="stmt"/>
        <line num="78" count="15" type="stmt"/>
        <line num="82" count="0" type="stmt"/>
        <line num="107" count="0" type="stmt"/>
        <line num="121" count="32" type="stmt"/>
      </file>
      <file name="SearchInput.tsx" path="/home/kotrvn/work/incident-inbox-frontend/src/shared/components/SearchInput.tsx">
        <metrics statements="11" coveredstatements="11" conditionals="6" coveredconditionals="6" methods="3" coveredmethods="3"/>
        <line num="13" count="2" type="stmt"/>
        <line num="20" count="67" type="stmt"/>
        <line num="21" count="67" type="stmt"/>
        <line num="22" count="67" type="stmt"/>
        <line num="24" count="67" type="stmt"/>
        <line num="25" count="12" type="cond" truecount="2" falsecount="0"/>
        <line num="26" count="10" type="stmt"/>
        <line num="27" count="10" type="stmt"/>
        <line num="29" count="2" type="stmt"/>
        <line num="32" count="67" type="stmt"/>
        <line num="38" count="40" type="stmt"/>
      </file>
      <file name="SkeletonTable.tsx" path="/home/kotrvn/work/incident-inbox-frontend/src/shared/components/SkeletonTable.tsx">
        <metrics statements="3" coveredstatements="3" conditionals="0" coveredconditionals="0" methods="2" coveredmethods="2"/>
        <line num="3" count="2" type="stmt"/>
        <line num="4" count="11" type="stmt"/>
        <line num="19" count="55" type="stmt"/>
      </file>
    </package>
    <package name="shared.hooks">
      <metrics statements="7" coveredstatements="7" conditionals="0" coveredconditionals="0" methods="4" coveredmethods="4"/>
      <file name="useDebounce.ts" path="/home/kotrvn/work/incident-inbox-frontend/src/shared/hooks/useDebounce.ts">
        <metrics statements="7" coveredstatements="7" conditionals="0" coveredconditionals="0" methods="4" coveredmethods="4"/>
        <line num="4" count="192" type="stmt"/>
        <line num="6" count="192" type="stmt"/>
        <line num="7" count="160" type="stmt"/>
        <line num="8" count="4" type="stmt"/>
        <line num="11" count="160" type="stmt"/>
        <line num="12" count="160" type="stmt"/>
        <line num="16" count="192" type="stmt"/>
      </file>
    </package>
    <package name="shared.utils">
      <metrics statements="26" coveredstatements="14" conditionals="12" coveredconditionals="1" methods="3" coveredmethods="2"/>
      <file name="constants.ts" path="/home/kotrvn/work/incident-inbox-frontend/src/shared/utils/constants.ts">
        <metrics statements="4" coveredstatements="4" conditionals="0" coveredconditionals="0" methods="0" coveredmethods="0"/>
        <line num="3" count="5" type="stmt"/>
        <line num="10" count="5" type="stmt"/>
        <line num="17" count="5" type="stmt"/>
        <line num="24" count="5" type="stmt"/>
      </file>
      <file name="dateFormat.ts" path="/home/kotrvn/work/incident-inbox-frontend/src/shared/utils/dateFormat.ts">
        <metrics statements="21" coveredstatements="9" conditionals="12" coveredconditionals="1" methods="3" coveredmethods="2"/>
        <line num="1" count="5" type="stmt"/>
        <line num="2" count="120" type="stmt"/>
        <line num="3" count="120" type="stmt"/>
        <line num="12" count="5" type="stmt"/>
        <line num="13" count="8" type="stmt"/>
        <line num="14" count="8" type="stmt"/>
        <line num="15" count="8" type="stmt"/>
        <line num="17" count="8" type="cond" truecount="1" falsecount="1"/>
        <line num="18" count="8" type="stmt"/>
        <line num="21" count="0" type="stmt"/>
        <line num="22" count="0" type="cond" truecount="0" falsecount="2"/>
        <line num="23" count="0" type="stmt"/>
        <line num="26" count="0" type="stmt"/>
        <line num="27" count="0" type="cond" truecount="0" falsecount="2"/>
        <line num="28" count="0" type="stmt"/>
        <line num="31" count="0" type="stmt"/>
        <line num="32" count="0" type="cond" truecount="0" falsecount="2"/>
        <line num="33" count="0" type="stmt"/>
        <line num="36" count="0" type="stmt"/>
        <line num="40" count="0" type="stmt"/>
        <line num="41" count="0" type="cond" truecount="0" falsecount="4"/>
      </file>
      <file name="toaster.ts" path="/home/kotrvn/work/incident-inbox-frontend/src/shared/utils/toaster.ts">
        <metrics statements="1" coveredstatements="1" conditionals="0" coveredconditionals="0" methods="0" coveredmethods="0"/>
        <line num="3" count="1" type="stmt"/>
      </file>
    </package>
    <package name="test">
      <metrics statements="4" coveredstatements="4" conditionals="7" coveredconditionals="7" methods="2" coveredmethods="2"/>
      <file name="test-utils.tsx" path="/home/kotrvn/work/incident-inbox-frontend/src/test/test-utils.tsx">
        <metrics statements="4" coveredstatements="4" conditionals="7" coveredconditionals="7" methods="2" coveredmethods="2"/>
        <line num="19" count="24" type="stmt"/>
        <line num="28" count="24" type="cond" truecount="3" falsecount="0"/>
        <line num="30" count="24" type="stmt"/>
        <line num="37" count="2" type="stmt"/>
      </file>
    </package>
  </project>
</coverage>
