{"/home/kotrvn/work/incident-inbox-frontend/src/features/comments/components/CommentForm.tsx": {"path":"/home/kotrvn/work/incident-inbox-frontend/src/features/comments/components/CommentForm.tsx","statementMap":{"0":{"start":{"line":23,"column":21},"end":{"line":23,"column":null}},"1":{"start":{"line":25,"column":27},"end":{"line":149,"column":null}},"2":{"start":{"line":26,"column":75},"end":{"line":28,"column":null}},"3":{"start":{"line":30,"column":25},"end":{"line":54,"column":null}},"4":{"start":{"line":31,"column":8},"end":{"line":31,"column":null}},"5":{"start":{"line":33,"column":8},"end":{"line":39,"column":null}},"6":{"start":{"line":34,"column":12},"end":{"line":37,"column":null}},"7":{"start":{"line":38,"column":12},"end":{"line":38,"column":null}},"8":{"start":{"line":41,"column":8},"end":{"line":53,"column":null}},"9":{"start":{"line":42,"column":12},"end":{"line":42,"column":null}},"10":{"start":{"line":43,"column":12},"end":{"line":43,"column":null}},"11":{"start":{"line":44,"column":12},"end":{"line":47,"column":null}},"12":{"start":{"line":49,"column":12},"end":{"line":52,"column":null}},"13":{"start":{"line":56,"column":29},"end":{"line":58,"column":null}},"14":{"start":{"line":57,"column":8},"end":{"line":57,"column":null}},"15":{"start":{"line":60,"column":28},"end":{"line":67,"column":null}},"16":{"start":{"line":61,"column":8},"end":{"line":61,"column":null}},"17":{"start":{"line":61,"column":19},"end":{"line":61,"column":null}},"18":{"start":{"line":62,"column":8},"end":{"line":66,"column":null}},"19":{"start":{"line":69,"column":4},"end":{"line":147,"column":null}},"20":{"start":{"line":96,"column":41},"end":{"line":96,"column":null}}},"fnMap":{"0":{"name":"(anonymous_0)","decl":{"start":{"line":25,"column":27},"end":{"line":25,"column":28}},"loc":{"start":{"line":25,"column":97},"end":{"line":149,"column":null}},"line":25},"1":{"name":"(anonymous_1)","decl":{"start":{"line":30,"column":25},"end":{"line":30,"column":32}},"loc":{"start":{"line":30,"column":55},"end":{"line":54,"column":null}},"line":30},"2":{"name":"(anonymous_2)","decl":{"start":{"line":56,"column":29},"end":{"line":56,"column":35}},"loc":{"start":{"line":56,"column":35},"end":{"line":58,"column":null}},"line":56},"3":{"name":"(anonymous_3)","decl":{"start":{"line":60,"column":28},"end":{"line":60,"column":29}},"loc":{"start":{"line":60,"column":51},"end":{"line":67,"column":null}},"line":60},"4":{"name":"(anonymous_4)","decl":{"start":{"line":96,"column":34},"end":{"line":96,"column":35}},"loc":{"start":{"line":96,"column":41},"end":{"line":96,"column":null}},"line":96}},"branchMap":{"0":{"loc":{"start":{"line":25,"column":52},"end":{"line":25,"column":73}},"type":"default-arg","locations":[{"start":{"line":25,"column":67},"end":{"line":25,"column":73}}],"line":25},"1":{"loc":{"start":{"line":33,"column":8},"end":{"line":39,"column":null}},"type":"if","locations":[{"start":{"line":33,"column":8},"end":{"line":39,"column":null}},{"start":{},"end":{}}],"line":33},"2":{"loc":{"start":{"line":61,"column":8},"end":{"line":61,"column":null}},"type":"if","locations":[{"start":{"line":61,"column":8},"end":{"line":61,"column":null}},{"start":{},"end":{}}],"line":61},"3":{"loc":{"start":{"line":76,"column":29},"end":{"line":90,"column":null}},"type":"binary-expr","locations":[{"start":{"line":76,"column":29},"end":{"line":76,"column":null}},{"start":{"line":77,"column":32},"end":{"line":90,"column":null}}],"line":76},"4":{"loc":{"start":{"line":105,"column":25},"end":{"line":111,"column":null}},"type":"binary-expr","locations":[{"start":{"line":105,"column":25},"end":{"line":105,"column":null}},{"start":{"line":106,"column":28},"end":{"line":111,"column":null}}],"line":105},"5":{"loc":{"start":{"line":113,"column":25},"end":{"line":119,"column":null}},"type":"binary-expr","locations":[{"start":{"line":113,"column":25},"end":{"line":113,"column":38}},{"start":{"line":113,"column":38},"end":{"line":113,"column":null}},{"start":{"line":114,"column":28},"end":{"line":119,"column":null}}],"line":113},"6":{"loc":{"start":{"line":124,"column":25},"end":{"line":133,"column":null}},"type":"binary-expr","locations":[{"start":{"line":124,"column":25},"end":{"line":124,"column":null}},{"start":{"line":125,"column":28},"end":{"line":133,"column":null}}],"line":124}},"s":{"0":3,"1":3,"2":125,"3":125,"4":3,"5":3,"6":0,"7":0,"8":3,"9":3,"10":3,"11":3,"12":0,"13":125,"14":0,"15":125,"16":2,"17":0,"18":2,"19":125,"20":97},"f":{"0":125,"1":3,"2":0,"3":2,"4":97},"b":{"0":[125],"1":[0,3],"2":[0,2],"3":[125,106],"4":[125,0],"5":[125,2,2],"6":[125,106]},"meta":{"lastBranch":7,"lastFunction":5,"lastStatement":21,"seen":{"s:23:21:23:Infinity":0,"s:25:27:149:Infinity":1,"f:25:27:25:28":0,"b:25:67:25:73":0,"s:26:75:28:Infinity":2,"s:30:25:54:Infinity":3,"f:30:25:30:32":1,"s:31:8:31:Infinity":4,"b:33:8:39:Infinity:undefined:undefined:undefined:undefined":1,"s:33:8:39:Infinity":5,"s:34:12:37:Infinity":6,"s:38:12:38:Infinity":7,"s:41:8:53:Infinity":8,"s:42:12:42:Infinity":9,"s:43:12:43:Infinity":10,"s:44:12:47:Infinity":11,"s:49:12:52:Infinity":12,"s:56:29:58:Infinity":13,"f:56:29:56:35":2,"s:57:8:57:Infinity":14,"s:60:28:67:Infinity":15,"f:60:28:60:29":3,"b:61:8:61:Infinity:undefined:undefined:undefined:undefined":2,"s:61:8:61:Infinity":16,"s:61:19:61:Infinity":17,"s:62:8:66:Infinity":18,"s:69:4:147:Infinity":19,"b:76:29:76:Infinity:77:32:90:Infinity":3,"f:96:34:96:35":4,"s:96:41:96:Infinity":20,"b:105:25:105:Infinity:106:28:111:Infinity":4,"b:113:25:113:38:113:38:113:Infinity:114:28:119:Infinity":5,"b:124:25:124:Infinity:125:28:133:Infinity":6}}}
,"/home/kotrvn/work/incident-inbox-frontend/src/features/comments/components/CommentItem.tsx": {"path":"/home/kotrvn/work/incident-inbox-frontend/src/features/comments/components/CommentItem.tsx","statementMap":{"0":{"start":{"line":9,"column":27},"end":{"line":31,"column":null}},"1":{"start":{"line":10,"column":4},"end":{"line":29,"column":null}}},"fnMap":{"0":{"name":"(anonymous_0)","decl":{"start":{"line":9,"column":27},"end":{"line":9,"column":28}},"loc":{"start":{"line":9,"column":62},"end":{"line":31,"column":null}},"line":9}},"branchMap":{},"s":{"0":3,"1":8},"f":{"0":8},"b":{},"meta":{"lastBranch":0,"lastFunction":1,"lastStatement":2,"seen":{"s:9:27:31:Infinity":0,"f:9:27:9:28":0,"s:10:4:29:Infinity":1}}}
,"/home/kotrvn/work/incident-inbox-frontend/src/features/comments/components/CommentList.tsx": {"path":"/home/kotrvn/work/incident-inbox-frontend/src/features/comments/components/CommentList.tsx","statementMap":{"0":{"start":{"line":11,"column":27},"end":{"line":36,"column":null}},"1":{"start":{"line":12,"column":4},"end":{"line":18,"column":null}},"2":{"start":{"line":13,"column":8},"end":{"line":16,"column":null}},"3":{"start":{"line":20,"column":4},"end":{"line":27,"column":null}},"4":{"start":{"line":21,"column":8},"end":{"line":25,"column":null}},"5":{"start":{"line":29,"column":4},"end":{"line":34,"column":null}},"6":{"start":{"line":32,"column":16},"end":{"line":32,"column":null}}},"fnMap":{"0":{"name":"(anonymous_0)","decl":{"start":{"line":11,"column":27},"end":{"line":11,"column":28}},"loc":{"start":{"line":11,"column":74},"end":{"line":36,"column":null}},"line":11},"1":{"name":"(anonymous_1)","decl":{"start":{"line":31,"column":26},"end":{"line":31,"column":27}},"loc":{"start":{"line":32,"column":16},"end":{"line":32,"column":null}},"line":32}},"branchMap":{"0":{"loc":{"start":{"line":12,"column":4},"end":{"line":18,"column":null}},"type":"if","locations":[{"start":{"line":12,"column":4},"end":{"line":18,"column":null}},{"start":{},"end":{}}],"line":12},"1":{"loc":{"start":{"line":20,"column":4},"end":{"line":27,"column":null}},"type":"if","locations":[{"start":{"line":20,"column":4},"end":{"line":27,"column":null}},{"start":{},"end":{}}],"line":20}},"s":{"0":3,"1":14,"2":0,"3":14,"4":8,"5":6,"6":8},"f":{"0":14,"1":8},"b":{"0":[0,14],"1":[8,6]},"meta":{"lastBranch":2,"lastFunction":2,"lastStatement":7,"seen":{"s:11:27:36:Infinity":0,"f:11:27:11:28":0,"b:12:4:18:Infinity:undefined:undefined:undefined:undefined":0,"s:12:4:18:Infinity":1,"s:13:8:16:Infinity":2,"b:20:4:27:Infinity:undefined:undefined:undefined:undefined":1,"s:20:4:27:Infinity":3,"s:21:8:25:Infinity":4,"s:29:4:34:Infinity":5,"f:31:26:31:27":1,"s:32:16:32:Infinity":6}}}
,"/home/kotrvn/work/incident-inbox-frontend/src/features/comments/hooks/useCommentDraft.ts": {"path":"/home/kotrvn/work/incident-inbox-frontend/src/features/comments/hooks/useCommentDraft.ts","statementMap":{"0":{"start":{"line":9,"column":31},"end":{"line":88,"column":null}},"1":{"start":{"line":10,"column":30},"end":{"line":10,"column":null}},"2":{"start":{"line":11,"column":32},"end":{"line":11,"column":null}},"3":{"start":{"line":12,"column":34},"end":{"line":12,"column":null}},"4":{"start":{"line":14,"column":10},"end":{"line":14,"column":null}},"5":{"start":{"line":16,"column":4},"end":{"line":32,"column":null}},"6":{"start":{"line":17,"column":26},"end":{"line":29,"column":null}},"7":{"start":{"line":18,"column":12},"end":{"line":28,"column":null}},"8":{"start":{"line":19,"column":31},"end":{"line":19,"column":null}},"9":{"start":{"line":20,"column":35},"end":{"line":20,"column":null}},"10":{"start":{"line":22,"column":16},"end":{"line":25,"column":null}},"11":{"start":{"line":23,"column":20},"end":{"line":23,"column":null}},"12":{"start":{"line":24,"column":20},"end":{"line":24,"column":null}},"13":{"start":{"line":27,"column":16},"end":{"line":27,"column":null}},"14":{"start":{"line":31,"column":8},"end":{"line":31,"column":null}},"15":{"start":{"line":34,"column":4},"end":{"line":66,"column":null}},"16":{"start":{"line":35,"column":26},"end":{"line":63,"column":null}},"17":{"start":{"line":36,"column":12},"end":{"line":46,"column":null}},"18":{"start":{"line":37,"column":16},"end":{"line":44,"column":null}},"19":{"start":{"line":38,"column":35},"end":{"line":38,"column":null}},"20":{"start":{"line":39,"column":20},"end":{"line":39,"column":null}},"21":{"start":{"line":40,"column":20},"end":{"line":40,"column":null}},"22":{"start":{"line":41,"column":20},"end":{"line":41,"column":null}},"23":{"start":{"line":43,"column":20},"end":{"line":43,"column":null}},"24":{"start":{"line":45,"column":16},"end":{"line":45,"column":null}},"25":{"start":{"line":48,"column":12},"end":{"line":48,"column":null}},"26":{"start":{"line":50,"column":12},"end":{"line":62,"column":null}},"27":{"start":{"line":51,"column":31},"end":{"line":51,"column":null}},"28":{"start":{"line":52,"column":16},"end":{"line":55,"column":null}},"29":{"start":{"line":56,"column":16},"end":{"line":56,"column":null}},"30":{"start":{"line":57,"column":16},"end":{"line":57,"column":null}},"31":{"start":{"line":59,"column":16},"end":{"line":59,"column":null}},"32":{"start":{"line":61,"column":16},"end":{"line":61,"column":null}},"33":{"start":{"line":65,"column":8},"end":{"line":65,"column":null}},"34":{"start":{"line":68,"column":10},"end":{"line":78,"column":null}},"35":{"start":{"line":69,"column":8},"end":{"line":77,"column":null}},"36":{"start":{"line":70,"column":27},"end":{"line":70,"column":null}},"37":{"start":{"line":71,"column":12},"end":{"line":71,"column":null}},"38":{"start":{"line":72,"column":12},"end":{"line":72,"column":null}},"39":{"start":{"line":73,"column":12},"end":{"line":73,"column":null}},"40":{"start":{"line":74,"column":12},"end":{"line":74,"column":null}},"41":{"start":{"line":76,"column":12},"end":{"line":76,"column":null}},"42":{"start":{"line":80,"column":4},"end":{"line":87,"column":null}}},"fnMap":{"0":{"name":"(anonymous_0)","decl":{"start":{"line":9,"column":31},"end":{"line":9,"column":32}},"loc":{"start":{"line":9,"column":95},"end":{"line":88,"column":null}},"line":9},"1":{"name":"(anonymous_1)","decl":{"start":{"line":16,"column":14},"end":{"line":16,"column":20}},"loc":{"start":{"line":16,"column":20},"end":{"line":32,"column":7}},"line":16},"2":{"name":"(anonymous_2)","decl":{"start":{"line":17,"column":26},"end":{"line":17,"column":32}},"loc":{"start":{"line":17,"column":32},"end":{"line":29,"column":null}},"line":17},"3":{"name":"(anonymous_3)","decl":{"start":{"line":34,"column":14},"end":{"line":34,"column":20}},"loc":{"start":{"line":34,"column":20},"end":{"line":66,"column":7}},"line":34},"4":{"name":"(anonymous_4)","decl":{"start":{"line":35,"column":26},"end":{"line":35,"column":38}},"loc":{"start":{"line":35,"column":38},"end":{"line":63,"column":null}},"line":35},"5":{"name":"(anonymous_5)","decl":{"start":{"line":68,"column":35},"end":{"line":68,"column":41}},"loc":{"start":{"line":68,"column":41},"end":{"line":78,"column":7}},"line":68}},"branchMap":{"0":{"loc":{"start":{"line":9,"column":46},"end":{"line":9,"column":67}},"type":"default-arg","locations":[{"start":{"line":9,"column":62},"end":{"line":9,"column":67}}],"line":9},"1":{"loc":{"start":{"line":19,"column":42},"end":{"line":19,"column":88}},"type":"binary-expr","locations":[{"start":{"line":19,"column":42},"end":{"line":19,"column":84}},{"start":{"line":19,"column":84},"end":{"line":19,"column":88}}],"line":19},"2":{"loc":{"start":{"line":22,"column":16},"end":{"line":25,"column":null}},"type":"if","locations":[{"start":{"line":22,"column":16},"end":{"line":25,"column":null}},{"start":{},"end":{}}],"line":22},"3":{"loc":{"start":{"line":36,"column":12},"end":{"line":46,"column":null}},"type":"if","locations":[{"start":{"line":36,"column":12},"end":{"line":46,"column":null}},{"start":{},"end":{}}],"line":36},"4":{"loc":{"start":{"line":38,"column":46},"end":{"line":38,"column":92}},"type":"binary-expr","locations":[{"start":{"line":38,"column":46},"end":{"line":38,"column":88}},{"start":{"line":38,"column":88},"end":{"line":38,"column":92}}],"line":38},"5":{"loc":{"start":{"line":51,"column":42},"end":{"line":51,"column":88}},"type":"binary-expr","locations":[{"start":{"line":51,"column":42},"end":{"line":51,"column":84}},{"start":{"line":51,"column":84},"end":{"line":51,"column":88}}],"line":51},"6":{"loc":{"start":{"line":70,"column":38},"end":{"line":70,"column":84}},"type":"binary-expr","locations":[{"start":{"line":70,"column":38},"end":{"line":70,"column":80}},{"start":{"line":70,"column":80},"end":{"line":70,"column":84}}],"line":70}},"s":{"0":3,"1":125,"2":125,"3":125,"4":125,"5":125,"6":9,"7":9,"8":9,"9":9,"10":9,"11":1,"12":1,"13":0,"14":9,"15":125,"16":11,"17":11,"18":9,"19":9,"20":9,"21":9,"22":9,"23":0,"24":9,"25":2,"26":2,"27":2,"28":11,"29":11,"30":11,"31":0,"32":2,"33":11,"34":125,"35":3,"36":3,"37":3,"38":3,"39":3,"40":3,"41":0,"42":125},"f":{"0":125,"1":9,"2":9,"3":11,"4":11,"5":3},"b":{"0":[125],"1":[9,8],"2":[1,8],"3":[9,2],"4":[9,8],"5":[2,0],"6":[3,0]},"meta":{"lastBranch":7,"lastFunction":6,"lastStatement":43,"seen":{"s:9:31:88:Infinity":0,"f:9:31:9:32":0,"b:9:62:9:67":0,"s:10:30:10:Infinity":1,"s:11:32:11:Infinity":2,"s:12:34:12:Infinity":3,"s:14:10:14:Infinity":4,"s:16:4:32:Infinity":5,"f:16:14:16:20":1,"s:17:26:29:Infinity":6,"f:17:26:17:32":2,"s:18:12:28:Infinity":7,"s:19:31:19:Infinity":8,"b:19:42:19:84:19:84:19:88":1,"s:20:35:20:Infinity":9,"b:22:16:25:Infinity:undefined:undefined:undefined:undefined":2,"s:22:16:25:Infinity":10,"s:23:20:23:Infinity":11,"s:24:20:24:Infinity":12,"s:27:16:27:Infinity":13,"s:31:8:31:Infinity":14,"s:34:4:66:Infinity":15,"f:34:14:34:20":3,"s:35:26:63:Infinity":16,"f:35:26:35:38":4,"b:36:12:46:Infinity:undefined:undefined:undefined:undefined":3,"s:36:12:46:Infinity":17,"s:37:16:44:Infinity":18,"s:38:35:38:Infinity":19,"b:38:46:38:88:38:88:38:92":4,"s:39:20:39:Infinity":20,"s:40:20:40:Infinity":21,"s:41:20:41:Infinity":22,"s:43:20:43:Infinity":23,"s:45:16:45:Infinity":24,"s:48:12:48:Infinity":25,"s:50:12:62:Infinity":26,"s:51:31:51:Infinity":27,"b:51:42:51:84:51:84:51:88":5,"s:52:16:55:Infinity":28,"s:56:16:56:Infinity":29,"s:57:16:57:Infinity":30,"s:59:16:59:Infinity":31,"s:61:16:61:Infinity":32,"s:65:8:65:Infinity":33,"s:68:10:78:Infinity":34,"f:68:35:68:41":5,"s:69:8:77:Infinity":35,"s:70:27:70:Infinity":36,"b:70:38:70:80:70:80:70:84":6,"s:71:12:71:Infinity":37,"s:72:12:72:Infinity":38,"s:73:12:73:Infinity":39,"s:74:12:74:Infinity":40,"s:76:12:76:Infinity":41,"s:80:4:87:Infinity":42}}}
,"/home/kotrvn/work/incident-inbox-frontend/src/features/comments/hooks/useComments.ts": {"path":"/home/kotrvn/work/incident-inbox-frontend/src/features/comments/hooks/useComments.ts","statementMap":{"0":{"start":{"line":4,"column":17},"end":{"line":4,"column":null}},"1":{"start":{"line":6,"column":27},"end":{"line":18,"column":null}},"2":{"start":{"line":7,"column":4},"end":{"line":17,"column":null}},"3":{"start":{"line":10,"column":12},"end":{"line":15,"column":null}},"4":{"start":{"line":11,"column":16},"end":{"line":13,"column":null}},"5":{"start":{"line":12,"column":20},"end":{"line":12,"column":null}},"6":{"start":{"line":14,"column":16},"end":{"line":14,"column":null}},"7":{"start":{"line":20,"column":29},"end":{"line":42,"column":null}},"8":{"start":{"line":21,"column":10},"end":{"line":21,"column":null}},"9":{"start":{"line":23,"column":4},"end":{"line":41,"column":null}},"10":{"start":{"line":25,"column":12},"end":{"line":36,"column":null}},"11":{"start":{"line":32,"column":16},"end":{"line":34,"column":null}},"12":{"start":{"line":33,"column":20},"end":{"line":33,"column":null}},"13":{"start":{"line":35,"column":16},"end":{"line":35,"column":null}},"14":{"start":{"line":38,"column":12},"end":{"line":38,"column":null}},"15":{"start":{"line":39,"column":12},"end":{"line":39,"column":null}}},"fnMap":{"0":{"name":"(anonymous_0)","decl":{"start":{"line":6,"column":27},"end":{"line":6,"column":28}},"loc":{"start":{"line":6,"column":51},"end":{"line":18,"column":null}},"line":6},"1":{"name":"(anonymous_1)","decl":{"start":{"line":9,"column":17},"end":{"line":9,"column":null}},"loc":{"start":{"line":10,"column":12},"end":{"line":15,"column":null}},"line":10},"2":{"name":"(anonymous_2)","decl":{"start":{"line":10,"column":71},"end":{"line":10,"column":72}},"loc":{"start":{"line":10,"column":80},"end":{"line":15,"column":13}},"line":10},"3":{"name":"(anonymous_3)","decl":{"start":{"line":20,"column":29},"end":{"line":20,"column":35}},"loc":{"start":{"line":20,"column":35},"end":{"line":42,"column":null}},"line":20},"4":{"name":"(anonymous_4)","decl":{"start":{"line":24,"column":20},"end":{"line":24,"column":21}},"loc":{"start":{"line":25,"column":12},"end":{"line":36,"column":null}},"line":25},"5":{"name":"(anonymous_5)","decl":{"start":{"line":31,"column":20},"end":{"line":31,"column":21}},"loc":{"start":{"line":31,"column":29},"end":{"line":36,"column":13}},"line":31},"6":{"name":"(anonymous_6)","decl":{"start":{"line":37,"column":19},"end":{"line":37,"column":20}},"loc":{"start":{"line":37,"column":37},"end":{"line":40,"column":null}},"line":37}},"branchMap":{"0":{"loc":{"start":{"line":11,"column":16},"end":{"line":13,"column":null}},"type":"if","locations":[{"start":{"line":11,"column":16},"end":{"line":13,"column":null}},{"start":{},"end":{}}],"line":11},"1":{"loc":{"start":{"line":32,"column":16},"end":{"line":34,"column":null}},"type":"if","locations":[{"start":{"line":32,"column":16},"end":{"line":34,"column":null}},{"start":{},"end":{}}],"line":32}},"s":{"0":3,"1":3,"2":25,"3":13,"4":13,"5":0,"6":13,"7":3,"8":25,"9":25,"10":3,"11":3,"12":0,"13":3,"14":3,"15":3},"f":{"0":25,"1":13,"2":13,"3":25,"4":3,"5":3,"6":3},"b":{"0":[0,13],"1":[0,3]},"meta":{"lastBranch":2,"lastFunction":7,"lastStatement":16,"seen":{"s:4:17:4:Infinity":0,"s:6:27:18:Infinity":1,"f:6:27:6:28":0,"s:7:4:17:Infinity":2,"f:9:17:9:Infinity":1,"s:10:12:15:Infinity":3,"f:10:71:10:72":2,"b:11:16:13:Infinity:undefined:undefined:undefined:undefined":0,"s:11:16:13:Infinity":4,"s:12:20:12:Infinity":5,"s:14:16:14:Infinity":6,"s:20:29:42:Infinity":7,"f:20:29:20:35":3,"s:21:10:21:Infinity":8,"s:23:4:41:Infinity":9,"f:24:20:24:21":4,"s:25:12:36:Infinity":10,"f:31:20:31:21":5,"b:32:16:34:Infinity:undefined:undefined:undefined:undefined":1,"s:32:16:34:Infinity":11,"s:33:20:33:Infinity":12,"s:35:16:35:Infinity":13,"f:37:19:37:20":6,"s:38:12:38:Infinity":14,"s:39:12:39:Infinity":15}}}
,"/home/kotrvn/work/incident-inbox-frontend/src/features/incidents/components/BulkActionBar.tsx": {"path":"/home/kotrvn/work/incident-inbox-frontend/src/features/incidents/components/BulkActionBar.tsx","statementMap":{"0":{"start":{"line":25,"column":6},"end":{"line":30,"column":null}},"1":{"start":{"line":26,"column":66},"end":{"line":29,"column":6}},"2":{"start":{"line":32,"column":6},"end":{"line":37,"column":null}},"3":{"start":{"line":33,"column":68},"end":{"line":36,"column":6}},"4":{"start":{"line":39,"column":29},"end":{"line":131,"column":null}},"5":{"start":{"line":46,"column":4},"end":{"line":46,"column":null}},"6":{"start":{"line":46,"column":29},"end":{"line":46,"column":null}},"7":{"start":{"line":48,"column":4},"end":{"line":129,"column":null}},"8":{"start":{"line":70,"column":50},"end":{"line":70,"column":null}},"9":{"start":{"line":85,"column":44},"end":{"line":87,"column":null}},"10":{"start":{"line":99,"column":50},"end":{"line":99,"column":null}},"11":{"start":{"line":114,"column":44},"end":{"line":116,"column":null}}},"fnMap":{"0":{"name":"(anonymous_0)","decl":{"start":{"line":26,"column":45},"end":{"line":26,"column":46}},"loc":{"start":{"line":26,"column":66},"end":{"line":29,"column":6}},"line":26},"1":{"name":"(anonymous_1)","decl":{"start":{"line":33,"column":47},"end":{"line":33,"column":48}},"loc":{"start":{"line":33,"column":68},"end":{"line":36,"column":6}},"line":33},"2":{"name":"(anonymous_2)","decl":{"start":{"line":39,"column":29},"end":{"line":39,"column":30}},"loc":{"start":{"line":45,"column":26},"end":{"line":131,"column":null}},"line":45},"3":{"name":"(anonymous_3)","decl":{"start":{"line":70,"column":43},"end":{"line":70,"column":44}},"loc":{"start":{"line":70,"column":50},"end":{"line":70,"column":null}},"line":70},"4":{"name":"(anonymous_4)","decl":{"start":{"line":84,"column":68},"end":{"line":84,"column":69}},"loc":{"start":{"line":85,"column":44},"end":{"line":87,"column":null}},"line":85},"5":{"name":"(anonymous_5)","decl":{"start":{"line":99,"column":43},"end":{"line":99,"column":44}},"loc":{"start":{"line":99,"column":50},"end":{"line":99,"column":null}},"line":99},"6":{"name":"(anonymous_6)","decl":{"start":{"line":113,"column":70},"end":{"line":113,"column":71}},"loc":{"start":{"line":114,"column":44},"end":{"line":116,"column":null}},"line":114}},"branchMap":{"0":{"loc":{"start":{"line":46,"column":4},"end":{"line":46,"column":null}},"type":"if","locations":[{"start":{"line":46,"column":4},"end":{"line":46,"column":null}},{"start":{},"end":{}}],"line":46}},"s":{"0":2,"1":8,"2":2,"3":8,"4":2,"5":8,"6":8,"7":0,"8":0,"9":0,"10":0,"11":0},"f":{"0":8,"1":8,"2":8,"3":0,"4":0,"5":0,"6":0},"b":{"0":[8,0]},"meta":{"lastBranch":1,"lastFunction":7,"lastStatement":12,"seen":{"s:25:6:30:Infinity":0,"f:26:45:26:46":0,"s:26:66:29:6":1,"s:32:6:37:Infinity":2,"f:33:47:33:48":1,"s:33:68:36:6":3,"s:39:29:131:Infinity":4,"f:39:29:39:30":2,"b:46:4:46:Infinity:undefined:undefined:undefined:undefined":0,"s:46:4:46:Infinity":5,"s:46:29:46:Infinity":6,"s:48:4:129:Infinity":7,"f:70:43:70:44":3,"s:70:50:70:Infinity":8,"f:84:68:84:69":4,"s:85:44:87:Infinity":9,"f:99:43:99:44":5,"s:99:50:99:Infinity":10,"f:113:70:113:71":6,"s:114:44:116:Infinity":11}}}
,"/home/kotrvn/work/incident-inbox-frontend/src/features/incidents/components/IncidentPriorityBadge.tsx": {"path":"/home/kotrvn/work/incident-inbox-frontend/src/features/incidents/components/IncidentPriorityBadge.tsx","statementMap":{"0":{"start":{"line":9,"column":62},"end":{"line":14,"column":null}},"1":{"start":{"line":16,"column":37},"end":{"line":28,"column":null}},"2":{"start":{"line":17,"column":4},"end":{"line":26,"column":null}}},"fnMap":{"0":{"name":"(anonymous_0)","decl":{"start":{"line":16,"column":37},"end":{"line":16,"column":38}},"loc":{"start":{"line":16,"column":83},"end":{"line":28,"column":null}},"line":16}},"branchMap":{"0":{"loc":{"start":{"line":23,"column":21},"end":{"line":23,"column":null}},"type":"cond-expr","locations":[{"start":{"line":23,"column":47},"end":{"line":23,"column":57}},{"start":{"line":23,"column":57},"end":{"line":23,"column":null}}],"line":23}},"s":{"0":5,"1":5,"2":106},"f":{"0":106},"b":{"0":[29,77]},"meta":{"lastBranch":1,"lastFunction":1,"lastStatement":3,"seen":{"s:9:62:14:Infinity":0,"s:16:37:28:Infinity":1,"f:16:37:16:38":0,"s:17:4:26:Infinity":2,"b:23:47:23:57:23:57:23:Infinity":0}}}
,"/home/kotrvn/work/incident-inbox-frontend/src/features/incidents/components/IncidentPrioritySelect.tsx": {"path":"/home/kotrvn/work/incident-inbox-frontend/src/features/incidents/components/IncidentPrioritySelect.tsx","statementMap":{"0":{"start":{"line":18,"column":6},"end":{"line":23,"column":null}},"1":{"start":{"line":19,"column":68},"end":{"line":22,"column":6}},"2":{"start":{"line":25,"column":38},"end":{"line":61,"column":null}},"3":{"start":{"line":30,"column":4},"end":{"line":59,"column":null}},"4":{"start":{"line":36,"column":38},"end":{"line":36,"column":null}},"5":{"start":{"line":51,"column":32},"end":{"line":53,"column":null}}},"fnMap":{"0":{"name":"(anonymous_0)","decl":{"start":{"line":19,"column":47},"end":{"line":19,"column":48}},"loc":{"start":{"line":19,"column":68},"end":{"line":22,"column":6}},"line":19},"1":{"name":"(anonymous_1)","decl":{"start":{"line":25,"column":38},"end":{"line":25,"column":39}},"loc":{"start":{"line":29,"column":35},"end":{"line":61,"column":null}},"line":29},"2":{"name":"(anonymous_2)","decl":{"start":{"line":36,"column":31},"end":{"line":36,"column":32}},"loc":{"start":{"line":36,"column":38},"end":{"line":36,"column":null}},"line":36},"3":{"name":"(anonymous_3)","decl":{"start":{"line":50,"column":58},"end":{"line":50,"column":59}},"loc":{"start":{"line":51,"column":32},"end":{"line":53,"column":null}},"line":51}},"branchMap":{},"s":{"0":3,"1":12,"2":3,"3":14,"4":0,"5":56},"f":{"0":12,"1":14,"2":0,"3":56},"b":{},"meta":{"lastBranch":0,"lastFunction":4,"lastStatement":6,"seen":{"s:18:6:23:Infinity":0,"f:19:47:19:48":0,"s:19:68:22:6":1,"s:25:38:61:Infinity":2,"f:25:38:25:39":1,"s:30:4:59:Infinity":3,"f:36:31:36:32":2,"s:36:38:36:Infinity":4,"f:50:58:50:59":3,"s:51:32:53:Infinity":5}}}
,"/home/kotrvn/work/incident-inbox-frontend/src/features/incidents/components/IncidentStatusBadge.tsx": {"path":"/home/kotrvn/work/incident-inbox-frontend/src/features/incidents/components/IncidentStatusBadge.tsx","statementMap":{"0":{"start":{"line":9,"column":58},"end":{"line":14,"column":null}},"1":{"start":{"line":16,"column":35},"end":{"line":22,"column":null}},"2":{"start":{"line":17,"column":4},"end":{"line":20,"column":null}}},"fnMap":{"0":{"name":"(anonymous_0)","decl":{"start":{"line":16,"column":35},"end":{"line":16,"column":36}},"loc":{"start":{"line":16,"column":77},"end":{"line":22,"column":null}},"line":16}},"branchMap":{},"s":{"0":5,"1":5,"2":106},"f":{"0":106},"b":{},"meta":{"lastBranch":0,"lastFunction":1,"lastStatement":3,"seen":{"s:9:58:14:Infinity":0,"s:16:35:22:Infinity":1,"f:16:35:16:36":0,"s:17:4:20:Infinity":2}}}
,"/home/kotrvn/work/incident-inbox-frontend/src/features/incidents/components/IncidentStatusSelect.tsx": {"path":"/home/kotrvn/work/incident-inbox-frontend/src/features/incidents/components/IncidentStatusSelect.tsx","statementMap":{"0":{"start":{"line":18,"column":6},"end":{"line":23,"column":null}},"1":{"start":{"line":19,"column":66},"end":{"line":22,"column":6}},"2":{"start":{"line":25,"column":36},"end":{"line":61,"column":null}},"3":{"start":{"line":30,"column":4},"end":{"line":59,"column":null}},"4":{"start":{"line":36,"column":38},"end":{"line":36,"column":null}},"5":{"start":{"line":51,"column":32},"end":{"line":53,"column":null}}},"fnMap":{"0":{"name":"(anonymous_0)","decl":{"start":{"line":19,"column":45},"end":{"line":19,"column":46}},"loc":{"start":{"line":19,"column":66},"end":{"line":22,"column":6}},"line":19},"1":{"name":"(anonymous_1)","decl":{"start":{"line":25,"column":36},"end":{"line":25,"column":37}},"loc":{"start":{"line":29,"column":33},"end":{"line":61,"column":null}},"line":29},"2":{"name":"(anonymous_2)","decl":{"start":{"line":36,"column":31},"end":{"line":36,"column":32}},"loc":{"start":{"line":36,"column":38},"end":{"line":36,"column":null}},"line":36},"3":{"name":"(anonymous_3)","decl":{"start":{"line":50,"column":56},"end":{"line":50,"column":57}},"loc":{"start":{"line":51,"column":32},"end":{"line":53,"column":null}},"line":51}},"branchMap":{},"s":{"0":3,"1":12,"2":3,"3":14,"4":2,"5":56},"f":{"0":12,"1":14,"2":2,"3":56},"b":{},"meta":{"lastBranch":0,"lastFunction":4,"lastStatement":6,"seen":{"s:18:6:23:Infinity":0,"f:19:45:19:46":0,"s:19:66:22:6":1,"s:25:36:61:Infinity":2,"f:25:36:25:37":1,"s:30:4:59:Infinity":3,"f:36:31:36:32":2,"s:36:38:36:Infinity":4,"f:50:56:50:57":3,"s:51:32:53:Infinity":5}}}
,"/home/kotrvn/work/incident-inbox-frontend/src/features/incidents/components/IncidentTable.tsx": {"path":"/home/kotrvn/work/incident-inbox-frontend/src/features/incidents/components/IncidentTable.tsx","statementMap":{"0":{"start":{"line":21,"column":29},"end":{"line":189,"column":null}},"1":{"start":{"line":31,"column":42},"end":{"line":31,"column":null}},"2":{"start":{"line":33,"column":4},"end":{"line":35,"column":null}},"3":{"start":{"line":34,"column":8},"end":{"line":34,"column":null}},"4":{"start":{"line":37,"column":27},"end":{"line":48,"column":null}},"5":{"start":{"line":38,"column":8},"end":{"line":38,"column":null}},"6":{"start":{"line":38,"column":33},"end":{"line":38,"column":null}},"7":{"start":{"line":39,"column":8},"end":{"line":46,"column":null}},"8":{"start":{"line":50,"column":30},"end":{"line":54,"column":null}},"9":{"start":{"line":51,"column":8},"end":{"line":53,"column":null}},"10":{"start":{"line":52,"column":12},"end":{"line":52,"column":null}},"11":{"start":{"line":56,"column":28},"end":{"line":62,"column":null}},"12":{"start":{"line":58,"column":12},"end":{"line":58,"column":null}},"13":{"start":{"line":59,"column":28},"end":{"line":59,"column":null}},"14":{"start":{"line":59,"column":61},"end":{"line":59,"column":65}},"15":{"start":{"line":60,"column":8},"end":{"line":60,"column":null}},"16":{"start":{"line":61,"column":8},"end":{"line":61,"column":null}},"17":{"start":{"line":64,"column":28},"end":{"line":73,"column":null}},"18":{"start":{"line":66,"column":12},"end":{"line":66,"column":null}},"19":{"start":{"line":67,"column":28},"end":{"line":69,"column":null}},"20":{"start":{"line":69,"column":51},"end":{"line":69,"column":68}},"21":{"start":{"line":71,"column":8},"end":{"line":71,"column":null}},"22":{"start":{"line":72,"column":8},"end":{"line":72,"column":null}},"23":{"start":{"line":75,"column":26},"end":{"line":75,"column":null}},"24":{"start":{"line":76,"column":28},"end":{"line":76,"column":null}},"25":{"start":{"line":78,"column":4},"end":{"line":187,"column":null}},"26":{"start":{"line":97,"column":43},"end":{"line":97,"column":null}},"27":{"start":{"line":103,"column":43},"end":{"line":103,"column":null}},"28":{"start":{"line":111,"column":43},"end":{"line":111,"column":null}},"29":{"start":{"line":117,"column":43},"end":{"line":117,"column":null}},"30":{"start":{"line":125,"column":43},"end":{"line":125,"column":null}},"31":{"start":{"line":127,"column":24},"end":{"line":182,"column":null}},"32":{"start":{"line":139,"column":48},"end":{"line":139,"column":null}},"33":{"start":{"line":156,"column":51},"end":{"line":156,"column":null}}},"fnMap":{"0":{"name":"(anonymous_0)","decl":{"start":{"line":21,"column":29},"end":{"line":21,"column":30}},"loc":{"start":{"line":30,"column":26},"end":{"line":189,"column":null}},"line":30},"1":{"name":"(anonymous_1)","decl":{"start":{"line":33,"column":14},"end":{"line":33,"column":20}},"loc":{"start":{"line":33,"column":20},"end":{"line":35,"column":7}},"line":33},"2":{"name":"(anonymous_2)","decl":{"start":{"line":37,"column":27},"end":{"line":37,"column":28}},"loc":{"start":{"line":37,"column":46},"end":{"line":48,"column":null}},"line":37},"3":{"name":"(anonymous_3)","decl":{"start":{"line":50,"column":30},"end":{"line":50,"column":31}},"loc":{"start":{"line":50,"column":49},"end":{"line":54,"column":null}},"line":50},"4":{"name":"(anonymous_4)","decl":{"start":{"line":56,"column":28},"end":{"line":56,"column":29}},"loc":{"start":{"line":56,"column":72},"end":{"line":62,"column":null}},"line":56},"5":{"name":"(anonymous_5)","decl":{"start":{"line":59,"column":54},"end":{"line":59,"column":55}},"loc":{"start":{"line":59,"column":61},"end":{"line":59,"column":65}},"line":59},"6":{"name":"(anonymous_6)","decl":{"start":{"line":64,"column":28},"end":{"line":64,"column":29}},"loc":{"start":{"line":64,"column":84},"end":{"line":73,"column":null}},"line":64},"7":{"name":"(anonymous_7)","decl":{"start":{"line":69,"column":35},"end":{"line":69,"column":36}},"loc":{"start":{"line":69,"column":51},"end":{"line":69,"column":68}},"line":69},"8":{"name":"(anonymous_8)","decl":{"start":{"line":97,"column":37},"end":{"line":97,"column":43}},"loc":{"start":{"line":97,"column":43},"end":{"line":97,"column":null}},"line":97},"9":{"name":"(anonymous_9)","decl":{"start":{"line":103,"column":37},"end":{"line":103,"column":43}},"loc":{"start":{"line":103,"column":43},"end":{"line":103,"column":null}},"line":103},"10":{"name":"(anonymous_10)","decl":{"start":{"line":111,"column":37},"end":{"line":111,"column":43}},"loc":{"start":{"line":111,"column":43},"end":{"line":111,"column":null}},"line":111},"11":{"name":"(anonymous_11)","decl":{"start":{"line":117,"column":37},"end":{"line":117,"column":43}},"loc":{"start":{"line":117,"column":43},"end":{"line":117,"column":null}},"line":117},"12":{"name":"(anonymous_12)","decl":{"start":{"line":124,"column":35},"end":{"line":124,"column":36}},"loc":{"start":{"line":124,"column":49},"end":{"line":184,"column":21}},"line":124},"13":{"name":"(anonymous_13)","decl":{"start":{"line":138,"column":61},"end":{"line":138,"column":62}},"loc":{"start":{"line":139,"column":48},"end":{"line":139,"column":null}},"line":139},"14":{"name":"(anonymous_14)","decl":{"start":{"line":156,"column":45},"end":{"line":156,"column":51}},"loc":{"start":{"line":156,"column":51},"end":{"line":156,"column":null}},"line":156}},"branchMap":{"0":{"loc":{"start":{"line":27,"column":4},"end":{"line":27,"column":null}},"type":"default-arg","locations":[{"start":{"line":27,"column":17},"end":{"line":27,"column":null}}],"line":27},"1":{"loc":{"start":{"line":28,"column":4},"end":{"line":28,"column":null}},"type":"default-arg","locations":[{"start":{"line":28,"column":18},"end":{"line":28,"column":null}}],"line":28},"2":{"loc":{"start":{"line":38,"column":8},"end":{"line":38,"column":null}},"type":"if","locations":[{"start":{"line":38,"column":8},"end":{"line":38,"column":null}},{"start":{},"end":{}}],"line":38},"3":{"loc":{"start":{"line":39,"column":15},"end":{"line":46,"column":null}},"type":"cond-expr","locations":[{"start":{"line":40,"column":12},"end":{"line":42,"column":null}},{"start":{"line":44,"column":12},"end":{"line":46,"column":null}}],"line":39},"4":{"loc":{"start":{"line":51,"column":8},"end":{"line":53,"column":null}},"type":"if","locations":[{"start":{"line":51,"column":8},"end":{"line":53,"column":null}},{"start":{},"end":{}}],"line":51},"5":{"loc":{"start":{"line":58,"column":12},"end":{"line":58,"column":null}},"type":"cond-expr","locations":[{"start":{"line":58,"column":50},"end":{"line":58,"column":79}},{"start":{"line":58,"column":79},"end":{"line":58,"column":null}}],"line":58},"6":{"loc":{"start":{"line":59,"column":28},"end":{"line":59,"column":null}},"type":"cond-expr","locations":[{"start":{"line":59,"column":40},"end":{"line":59,"column":69}},{"start":{"line":59,"column":69},"end":{"line":59,"column":null}}],"line":59},"7":{"loc":{"start":{"line":66,"column":12},"end":{"line":66,"column":null}},"type":"cond-expr","locations":[{"start":{"line":66,"column":50},"end":{"line":66,"column":79}},{"start":{"line":66,"column":79},"end":{"line":66,"column":null}}],"line":66},"8":{"loc":{"start":{"line":67,"column":28},"end":{"line":69,"column":null}},"type":"cond-expr","locations":[{"start":{"line":68,"column":14},"end":{"line":68,"column":null}},{"start":{"line":69,"column":14},"end":{"line":69,"column":null}}],"line":67},"9":{"loc":{"start":{"line":75,"column":26},"end":{"line":75,"column":null}},"type":"binary-expr","locations":[{"start":{"line":75,"column":26},"end":{"line":75,"column":50}},{"start":{"line":75,"column":50},"end":{"line":75,"column":null}}],"line":75},"10":{"loc":{"start":{"line":76,"column":28},"end":{"line":76,"column":null}},"type":"binary-expr","locations":[{"start":{"line":76,"column":28},"end":{"line":76,"column":56}},{"start":{"line":76,"column":56},"end":{"line":76,"column":null}}],"line":76},"11":{"loc":{"start":{"line":83,"column":25},"end":{"line":93,"column":null}},"type":"binary-expr","locations":[{"start":{"line":83,"column":25},"end":{"line":83,"column":null}},{"start":{"line":84,"column":28},"end":{"line":93,"column":null}}],"line":83},"12":{"loc":{"start":{"line":87,"column":56},"end":{"line":87,"column":null}},"type":"cond-expr","locations":[{"start":{"line":87,"column":74},"end":{"line":87,"column":81}},{"start":{"line":87,"column":81},"end":{"line":87,"column":null}}],"line":87},"13":{"loc":{"start":{"line":96,"column":36},"end":{"line":96,"column":null}},"type":"cond-expr","locations":[{"start":{"line":96,"column":45},"end":{"line":96,"column":57}},{"start":{"line":96,"column":57},"end":{"line":96,"column":null}}],"line":96},"14":{"loc":{"start":{"line":102,"column":36},"end":{"line":102,"column":null}},"type":"cond-expr","locations":[{"start":{"line":102,"column":45},"end":{"line":102,"column":57}},{"start":{"line":102,"column":57},"end":{"line":102,"column":null}}],"line":102},"15":{"loc":{"start":{"line":110,"column":36},"end":{"line":110,"column":null}},"type":"cond-expr","locations":[{"start":{"line":110,"column":45},"end":{"line":110,"column":57}},{"start":{"line":110,"column":57},"end":{"line":110,"column":null}}],"line":110},"16":{"loc":{"start":{"line":116,"column":36},"end":{"line":116,"column":null}},"type":"cond-expr","locations":[{"start":{"line":116,"column":45},"end":{"line":116,"column":57}},{"start":{"line":116,"column":57},"end":{"line":116,"column":null}}],"line":116},"17":{"loc":{"start":{"line":132,"column":36},"end":{"line":132,"column":null}},"type":"cond-expr","locations":[{"start":{"line":132,"column":49},"end":{"line":132,"column":61}},{"start":{"line":132,"column":61},"end":{"line":132,"column":null}}],"line":132},"18":{"loc":{"start":{"line":134,"column":33},"end":{"line":145,"column":null}},"type":"binary-expr","locations":[{"start":{"line":134,"column":33},"end":{"line":134,"column":null}},{"start":{"line":135,"column":36},"end":{"line":145,"column":null}}],"line":134}},"s":{"0":3,"1":15,"2":15,"3":14,"4":15,"5":60,"6":52,"7":8,"8":15,"9":1,"10":1,"11":15,"12":0,"13":0,"14":0,"15":0,"16":0,"17":15,"18":1,"19":1,"20":0,"21":1,"22":1,"23":15,"24":15,"25":15,"26":1,"27":0,"28":0,"29":0,"30":92,"31":92,"32":1,"33":1},"f":{"0":15,"1":14,"2":60,"3":1,"4":0,"5":0,"6":1,"7":0,"8":1,"9":0,"10":0,"11":0,"12":92,"13":1,"14":1},"b":{"0":[15],"1":[15],"2":[52,8],"3":[0,8],"4":[1,0],"5":[0,0],"6":[0,0],"7":[0,1],"8":[1,0],"9":[15,15],"10":[15,1],"11":[15,11],"12":[1,10],"13":[9,6],"14":[9,6],"15":[9,6],"16":[9,6],"17":[1,91],"18":[92,80]},"meta":{"lastBranch":19,"lastFunction":15,"lastStatement":34,"seen":{"s:21:29:189:Infinity":0,"f:21:29:21:30":0,"b:27:17:27:Infinity":0,"b:28:18:28:Infinity":1,"s:31:42:31:Infinity":1,"s:33:4:35:Infinity":2,"f:33:14:33:20":1,"s:34:8:34:Infinity":3,"s:37:27:48:Infinity":4,"f:37:27:37:28":2,"b:38:8:38:Infinity:undefined:undefined:undefined:undefined":2,"s:38:8:38:Infinity":5,"s:38:33:38:Infinity":6,"s:39:8:46:Infinity":7,"b:40:12:42:Infinity:44:12:46:Infinity":3,"s:50:30:54:Infinity":8,"f:50:30:50:31":3,"b:51:8:53:Infinity:undefined:undefined:undefined:undefined":4,"s:51:8:53:Infinity":9,"s:52:12:52:Infinity":10,"s:56:28:62:Infinity":11,"f:56:28:56:29":4,"s:58:12:58:Infinity":12,"b:58:50:58:79:58:79:58:Infinity":5,"s:59:28:59:Infinity":13,"b:59:40:59:69:59:69:59:Infinity":6,"f:59:54:59:55":5,"s:59:61:59:65":14,"s:60:8:60:Infinity":15,"s:61:8:61:Infinity":16,"s:64:28:73:Infinity":17,"f:64:28:64:29":6,"s:66:12:66:Infinity":18,"b:66:50:66:79:66:79:66:Infinity":7,"s:67:28:69:Infinity":19,"b:68:14:68:Infinity:69:14:69:Infinity":8,"f:69:35:69:36":7,"s:69:51:69:68":20,"s:71:8:71:Infinity":21,"s:72:8:72:Infinity":22,"s:75:26:75:Infinity":23,"b:75:26:75:50:75:50:75:Infinity":9,"s:76:28:76:Infinity":24,"b:76:28:76:56:76:56:76:Infinity":10,"s:78:4:187:Infinity":25,"b:83:25:83:Infinity:84:28:93:Infinity":11,"b:87:74:87:81:87:81:87:Infinity":12,"b:96:45:96:57:96:57:96:Infinity":13,"f:97:37:97:43":8,"s:97:43:97:Infinity":26,"b:102:45:102:57:102:57:102:Infinity":14,"f:103:37:103:43":9,"s:103:43:103:Infinity":27,"b:110:45:110:57:110:57:110:Infinity":15,"f:111:37:111:43":10,"s:111:43:111:Infinity":28,"b:116:45:116:57:116:57:116:Infinity":16,"f:117:37:117:43":11,"s:117:43:117:Infinity":29,"f:124:35:124:36":12,"s:125:43:125:Infinity":30,"s:127:24:182:Infinity":31,"b:132:49:132:61:132:61:132:Infinity":17,"b:134:33:134:Infinity:135:36:145:Infinity":18,"f:138:61:138:62":13,"s:139:48:139:Infinity":32,"f:156:45:156:51":14,"s:156:51:156:Infinity":33}}}
,"/home/kotrvn/work/incident-inbox-frontend/src/features/incidents/hooks/useBulkUpdate.ts": {"path":"/home/kotrvn/work/incident-inbox-frontend/src/features/incidents/hooks/useBulkUpdate.ts","statementMap":{"0":{"start":{"line":13,"column":29},"end":{"line":53,"column":null}},"1":{"start":{"line":14,"column":10},"end":{"line":14,"column":null}},"2":{"start":{"line":16,"column":4},"end":{"line":52,"column":null}},"3":{"start":{"line":18,"column":29},"end":{"line":24,"column":null}},"4":{"start":{"line":26,"column":12},"end":{"line":28,"column":null}},"5":{"start":{"line":27,"column":16},"end":{"line":27,"column":null}},"6":{"start":{"line":30,"column":12},"end":{"line":30,"column":null}},"7":{"start":{"line":33,"column":12},"end":{"line":33,"column":null}},"8":{"start":{"line":35,"column":12},"end":{"line":37,"column":null}},"9":{"start":{"line":36,"column":16},"end":{"line":36,"column":null}},"10":{"start":{"line":39,"column":12},"end":{"line":42,"column":null}},"11":{"start":{"line":45,"column":12},"end":{"line":49,"column":null}},"12":{"start":{"line":50,"column":12},"end":{"line":50,"column":null}}},"fnMap":{"0":{"name":"(anonymous_0)","decl":{"start":{"line":13,"column":29},"end":{"line":13,"column":35}},"loc":{"start":{"line":13,"column":35},"end":{"line":53,"column":null}},"line":13},"1":{"name":"(anonymous_1)","decl":{"start":{"line":17,"column":20},"end":{"line":17,"column":27}},"loc":{"start":{"line":17,"column":71},"end":{"line":31,"column":null}},"line":17},"2":{"name":"(anonymous_2)","decl":{"start":{"line":32,"column":19},"end":{"line":32,"column":20}},"loc":{"start":{"line":32,"column":37},"end":{"line":43,"column":null}},"line":32},"3":{"name":"(anonymous_3)","decl":{"start":{"line":35,"column":42},"end":{"line":35,"column":43}},"loc":{"start":{"line":35,"column":50},"end":{"line":37,"column":13}},"line":35},"4":{"name":"(anonymous_4)","decl":{"start":{"line":44,"column":17},"end":{"line":44,"column":18}},"loc":{"start":{"line":44,"column":28},"end":{"line":51,"column":null}},"line":44}},"branchMap":{"0":{"loc":{"start":{"line":26,"column":12},"end":{"line":28,"column":null}},"type":"if","locations":[{"start":{"line":26,"column":12},"end":{"line":28,"column":null}},{"start":{},"end":{}}],"line":26}},"s":{"0":2,"1":27,"2":27,"3":0,"4":0,"5":0,"6":0,"7":0,"8":0,"9":0,"10":0,"11":0,"12":0},"f":{"0":27,"1":0,"2":0,"3":0,"4":0},"b":{"0":[0,0]},"meta":{"lastBranch":1,"lastFunction":5,"lastStatement":13,"seen":{"s:13:29:53:Infinity":0,"f:13:29:13:35":0,"s:14:10:14:Infinity":1,"s:16:4:52:Infinity":2,"f:17:20:17:27":1,"s:18:29:24:Infinity":3,"b:26:12:28:Infinity:undefined:undefined:undefined:undefined":0,"s:26:12:28:Infinity":4,"s:27:16:27:Infinity":5,"s:30:12:30:Infinity":6,"f:32:19:32:20":2,"s:33:12:33:Infinity":7,"s:35:12:37:Infinity":8,"f:35:42:35:43":3,"s:36:16:36:Infinity":9,"s:39:12:42:Infinity":10,"f:44:17:44:18":4,"s:45:12:49:Infinity":11,"s:50:12:50:Infinity":12}}}
,"/home/kotrvn/work/incident-inbox-frontend/src/features/incidents/hooks/useIncidents.ts": {"path":"/home/kotrvn/work/incident-inbox-frontend/src/features/incidents/hooks/useIncidents.ts","statementMap":{"0":{"start":{"line":4,"column":17},"end":{"line":4,"column":null}},"1":{"start":{"line":15,"column":28},"end":{"line":45,"column":null}},"2":{"start":{"line":24,"column":8},"end":{"line":24,"column":null}},"3":{"start":{"line":26,"column":25},"end":{"line":26,"column":null}},"4":{"start":{"line":27,"column":4},"end":{"line":27,"column":null}},"5":{"start":{"line":28,"column":4},"end":{"line":28,"column":null}},"6":{"start":{"line":29,"column":4},"end":{"line":29,"column":null}},"7":{"start":{"line":29,"column":16},"end":{"line":29,"column":null}},"8":{"start":{"line":30,"column":4},"end":{"line":30,"column":null}},"9":{"start":{"line":30,"column":16},"end":{"line":30,"column":null}},"10":{"start":{"line":31,"column":4},"end":{"line":31,"column":null}},"11":{"start":{"line":31,"column":18},"end":{"line":31,"column":null}},"12":{"start":{"line":32,"column":4},"end":{"line":32,"column":null}},"13":{"start":{"line":33,"column":4},"end":{"line":33,"column":null}},"14":{"start":{"line":35,"column":4},"end":{"line":44,"column":null}},"15":{"start":{"line":38,"column":12},"end":{"line":43,"column":null}},"16":{"start":{"line":39,"column":16},"end":{"line":41,"column":null}},"17":{"start":{"line":40,"column":20},"end":{"line":40,"column":null}},"18":{"start":{"line":42,"column":16},"end":{"line":42,"column":null}},"19":{"start":{"line":47,"column":27},"end":{"line":60,"column":null}},"20":{"start":{"line":48,"column":4},"end":{"line":59,"column":null}},"21":{"start":{"line":51,"column":12},"end":{"line":56,"column":null}},"22":{"start":{"line":52,"column":16},"end":{"line":54,"column":null}},"23":{"start":{"line":53,"column":20},"end":{"line":53,"column":null}},"24":{"start":{"line":55,"column":16},"end":{"line":55,"column":null}},"25":{"start":{"line":62,"column":33},"end":{"line":99,"column":null}},"26":{"start":{"line":63,"column":10},"end":{"line":63,"column":null}},"27":{"start":{"line":65,"column":4},"end":{"line":98,"column":null}},"28":{"start":{"line":67,"column":12},"end":{"line":74,"column":null}},"29":{"start":{"line":72,"column":16},"end":{"line":72,"column":null}},"30":{"start":{"line":72,"column":29},"end":{"line":72,"column":null}},"31":{"start":{"line":73,"column":16},"end":{"line":73,"column":null}},"32":{"start":{"line":77,"column":12},"end":{"line":77,"column":null}},"33":{"start":{"line":79,"column":37},"end":{"line":79,"column":null}},"34":{"start":{"line":81,"column":12},"end":{"line":85,"column":null}},"35":{"start":{"line":81,"column":88},"end":{"line":85,"column":14}},"36":{"start":{"line":87,"column":12},"end":{"line":87,"column":null}},"37":{"start":{"line":91,"column":12},"end":{"line":91,"column":null}},"38":{"start":{"line":95,"column":12},"end":{"line":95,"column":null}},"39":{"start":{"line":96,"column":12},"end":{"line":96,"column":null}}},"fnMap":{"0":{"name":"(anonymous_0)","decl":{"start":{"line":15,"column":28},"end":{"line":15,"column":29}},"loc":{"start":{"line":15,"column":65},"end":{"line":45,"column":null}},"line":15},"1":{"name":"(anonymous_1)","decl":{"start":{"line":37,"column":17},"end":{"line":37,"column":null}},"loc":{"start":{"line":38,"column":12},"end":{"line":43,"column":null}},"line":38},"2":{"name":"(anonymous_2)","decl":{"start":{"line":38,"column":75},"end":{"line":38,"column":76}},"loc":{"start":{"line":38,"column":84},"end":{"line":43,"column":13}},"line":38},"3":{"name":"(anonymous_3)","decl":{"start":{"line":47,"column":27},"end":{"line":47,"column":28}},"loc":{"start":{"line":47,"column":43},"end":{"line":60,"column":null}},"line":47},"4":{"name":"(anonymous_4)","decl":{"start":{"line":50,"column":17},"end":{"line":50,"column":null}},"loc":{"start":{"line":51,"column":12},"end":{"line":56,"column":null}},"line":51},"5":{"name":"(anonymous_5)","decl":{"start":{"line":51,"column":54},"end":{"line":51,"column":55}},"loc":{"start":{"line":51,"column":63},"end":{"line":56,"column":13}},"line":51},"6":{"name":"(anonymous_6)","decl":{"start":{"line":62,"column":33},"end":{"line":62,"column":39}},"loc":{"start":{"line":62,"column":39},"end":{"line":99,"column":null}},"line":62},"7":{"name":"(anonymous_7)","decl":{"start":{"line":66,"column":20},"end":{"line":66,"column":21}},"loc":{"start":{"line":67,"column":12},"end":{"line":74,"column":null}},"line":67},"8":{"name":"(anonymous_8)","decl":{"start":{"line":71,"column":20},"end":{"line":71,"column":21}},"loc":{"start":{"line":71,"column":29},"end":{"line":74,"column":13}},"line":71},"9":{"name":"(anonymous_9)","decl":{"start":{"line":76,"column":18},"end":{"line":76,"column":25}},"loc":{"start":{"line":76,"column":42},"end":{"line":88,"column":null}},"line":76},"10":{"name":"(anonymous_10)","decl":{"start":{"line":81,"column":55},"end":{"line":81,"column":56}},"loc":{"start":{"line":81,"column":88},"end":{"line":85,"column":14}},"line":81},"11":{"name":"(anonymous_11)","decl":{"start":{"line":90,"column":17},"end":{"line":90,"column":18}},"loc":{"start":{"line":90,"column":44},"end":{"line":92,"column":null}},"line":90},"12":{"name":"(anonymous_12)","decl":{"start":{"line":94,"column":19},"end":{"line":94,"column":20}},"loc":{"start":{"line":94,"column":38},"end":{"line":97,"column":null}},"line":94}},"branchMap":{"0":{"loc":{"start":{"line":15,"column":29},"end":{"line":15,"column":65}},"type":"default-arg","locations":[{"start":{"line":15,"column":58},"end":{"line":15,"column":65}}],"line":15},"1":{"loc":{"start":{"line":17,"column":8},"end":{"line":17,"column":null}},"type":"default-arg","locations":[{"start":{"line":17,"column":15},"end":{"line":17,"column":null}}],"line":17},"2":{"loc":{"start":{"line":18,"column":8},"end":{"line":18,"column":null}},"type":"default-arg","locations":[{"start":{"line":18,"column":16},"end":{"line":18,"column":null}}],"line":18},"3":{"loc":{"start":{"line":19,"column":8},"end":{"line":19,"column":null}},"type":"default-arg","locations":[{"start":{"line":19,"column":17},"end":{"line":19,"column":null}}],"line":19},"4":{"loc":{"start":{"line":20,"column":8},"end":{"line":20,"column":null}},"type":"default-arg","locations":[{"start":{"line":20,"column":17},"end":{"line":20,"column":null}}],"line":20},"5":{"loc":{"start":{"line":21,"column":8},"end":{"line":21,"column":null}},"type":"default-arg","locations":[{"start":{"line":21,"column":19},"end":{"line":21,"column":null}}],"line":21},"6":{"loc":{"start":{"line":22,"column":8},"end":{"line":22,"column":null}},"type":"default-arg","locations":[{"start":{"line":22,"column":17},"end":{"line":22,"column":null}}],"line":22},"7":{"loc":{"start":{"line":23,"column":8},"end":{"line":23,"column":null}},"type":"default-arg","locations":[{"start":{"line":23,"column":20},"end":{"line":23,"column":null}}],"line":23},"8":{"loc":{"start":{"line":29,"column":4},"end":{"line":29,"column":null}},"type":"if","locations":[{"start":{"line":29,"column":4},"end":{"line":29,"column":null}},{"start":{},"end":{}}],"line":29},"9":{"loc":{"start":{"line":30,"column":4},"end":{"line":30,"column":null}},"type":"if","locations":[{"start":{"line":30,"column":4},"end":{"line":30,"column":null}},{"start":{},"end":{}}],"line":30},"10":{"loc":{"start":{"line":31,"column":4},"end":{"line":31,"column":null}},"type":"if","locations":[{"start":{"line":31,"column":4},"end":{"line":31,"column":null}},{"start":{},"end":{}}],"line":31},"11":{"loc":{"start":{"line":39,"column":16},"end":{"line":41,"column":null}},"type":"if","locations":[{"start":{"line":39,"column":16},"end":{"line":41,"column":null}},{"start":{},"end":{}}],"line":39},"12":{"loc":{"start":{"line":52,"column":16},"end":{"line":54,"column":null}},"type":"if","locations":[{"start":{"line":52,"column":16},"end":{"line":54,"column":null}},{"start":{},"end":{}}],"line":52},"13":{"loc":{"start":{"line":72,"column":16},"end":{"line":72,"column":null}},"type":"if","locations":[{"start":{"line":72,"column":16},"end":{"line":72,"column":null}},{"start":{},"end":{}}],"line":72}},"s":{"0":4,"1":4,"2":27,"3":27,"4":27,"5":27,"6":27,"7":8,"8":27,"9":0,"10":27,"11":0,"12":27,"13":27,"14":27,"15":12,"16":12,"17":2,"18":10,"19":4,"20":25,"21":15,"22":15,"23":1,"24":14,"25":4,"26":25,"27":25,"28":2,"29":2,"30":0,"31":2,"32":2,"33":2,"34":2,"35":2,"36":2,"37":0,"38":2,"39":2},"f":{"0":27,"1":12,"2":12,"3":25,"4":15,"5":15,"6":25,"7":2,"8":2,"9":2,"10":2,"11":0,"12":2},"b":{"0":[27],"1":[27],"2":[27],"3":[27],"4":[27],"5":[27],"6":[27],"7":[27],"8":[8,19],"9":[0,27],"10":[0,27],"11":[2,10],"12":[1,14],"13":[0,2]},"meta":{"lastBranch":14,"lastFunction":13,"lastStatement":40,"seen":{"s:4:17:4:Infinity":0,"s:15:28:45:Infinity":1,"f:15:28:15:29":0,"b:15:58:15:65":0,"s:24:8:24:Infinity":2,"b:17:15:17:Infinity":1,"b:18:16:18:Infinity":2,"b:19:17:19:Infinity":3,"b:20:17:20:Infinity":4,"b:21:19:21:Infinity":5,"b:22:17:22:Infinity":6,"b:23:20:23:Infinity":7,"s:26:25:26:Infinity":3,"s:27:4:27:Infinity":4,"s:28:4:28:Infinity":5,"b:29:4:29:Infinity:undefined:undefined:undefined:undefined":8,"s:29:4:29:Infinity":6,"s:29:16:29:Infinity":7,"b:30:4:30:Infinity:undefined:undefined:undefined:undefined":9,"s:30:4:30:Infinity":8,"s:30:16:30:Infinity":9,"b:31:4:31:Infinity:undefined:undefined:undefined:undefined":10,"s:31:4:31:Infinity":10,"s:31:18:31:Infinity":11,"s:32:4:32:Infinity":12,"s:33:4:33:Infinity":13,"s:35:4:44:Infinity":14,"f:37:17:37:Infinity":1,"s:38:12:43:Infinity":15,"f:38:75:38:76":2,"b:39:16:41:Infinity:undefined:undefined:undefined:undefined":11,"s:39:16:41:Infinity":16,"s:40:20:40:Infinity":17,"s:42:16:42:Infinity":18,"s:47:27:60:Infinity":19,"f:47:27:47:28":3,"s:48:4:59:Infinity":20,"f:50:17:50:Infinity":4,"s:51:12:56:Infinity":21,"f:51:54:51:55":5,"b:52:16:54:Infinity:undefined:undefined:undefined:undefined":12,"s:52:16:54:Infinity":22,"s:53:20:53:Infinity":23,"s:55:16:55:Infinity":24,"s:62:33:99:Infinity":25,"f:62:33:62:39":6,"s:63:10:63:Infinity":26,"s:65:4:98:Infinity":27,"f:66:20:66:21":7,"s:67:12:74:Infinity":28,"f:71:20:71:21":8,"b:72:16:72:Infinity:undefined:undefined:undefined:undefined":13,"s:72:16:72:Infinity":29,"s:72:29:72:Infinity":30,"s:73:16:73:Infinity":31,"f:76:18:76:25":9,"s:77:12:77:Infinity":32,"s:79:37:79:Infinity":33,"s:81:12:85:Infinity":34,"f:81:55:81:56":10,"s:81:88:85:14":35,"s:87:12:87:Infinity":36,"f:90:17:90:18":11,"s:91:12:91:Infinity":37,"f:94:19:94:20":12,"s:95:12:95:Infinity":38,"s:96:12:96:Infinity":39}}}
,"/home/kotrvn/work/incident-inbox-frontend/src/mocks/data.ts": {"path":"/home/kotrvn/work/incident-inbox-frontend/src/mocks/data.ts","statementMap":{"0":{"start":{"line":3,"column":37},"end":{"line":203,"column":null}},"1":{"start":{"line":205,"column":35},"end":{"line":235,"column":null}}},"fnMap":{},"branchMap":{},"s":{"0":5,"1":5},"f":{},"b":{},"meta":{"lastBranch":0,"lastFunction":0,"lastStatement":2,"seen":{"s:3:37:203:Infinity":0,"s:205:35:235:Infinity":1}}}
,"/home/kotrvn/work/incident-inbox-frontend/src/mocks/handlers.ts": {"path":"/home/kotrvn/work/incident-inbox-frontend/src/mocks/handlers.ts","statementMap":{"0":{"start":{"line":5,"column":16},"end":{"line":5,"column":null}},"1":{"start":{"line":6,"column":17},"end":{"line":6,"column":null}},"2":{"start":{"line":10,"column":21},"end":{"line":29,"column":null}},"3":{"start":{"line":11,"column":4},"end":{"line":28,"column":null}},"4":{"start":{"line":13,"column":12},"end":{"line":13,"column":null}},"5":{"start":{"line":15,"column":12},"end":{"line":15,"column":null}},"6":{"start":{"line":17,"column":12},"end":{"line":17,"column":null}},"7":{"start":{"line":19,"column":12},"end":{"line":19,"column":null}},"8":{"start":{"line":21,"column":12},"end":{"line":21,"column":null}},"9":{"start":{"line":23,"column":12},"end":{"line":23,"column":null}},"10":{"start":{"line":25,"column":12},"end":{"line":25,"column":null}},"11":{"start":{"line":27,"column":12},"end":{"line":27,"column":null}},"12":{"start":{"line":31,"column":22},"end":{"line":35,"column":null}},"13":{"start":{"line":32,"column":4},"end":{"line":32,"column":null}},"14":{"start":{"line":32,"column":15},"end":{"line":32,"column":null}},"15":{"start":{"line":33,"column":4},"end":{"line":33,"column":null}},"16":{"start":{"line":33,"column":15},"end":{"line":33,"column":null}},"17":{"start":{"line":34,"column":4},"end":{"line":34,"column":null}},"18":{"start":{"line":37,"column":24},"end":{"line":167,"column":null}},"19":{"start":{"line":39,"column":20},"end":{"line":39,"column":null}},"20":{"start":{"line":41,"column":21},"end":{"line":41,"column":null}},"21":{"start":{"line":42,"column":22},"end":{"line":42,"column":null}},"22":{"start":{"line":43,"column":23},"end":{"line":43,"column":null}},"23":{"start":{"line":44,"column":23},"end":{"line":44,"column":null}},"24":{"start":{"line":45,"column":25},"end":{"line":45,"column":null}},"25":{"start":{"line":46,"column":23},"end":{"line":46,"column":null}},"26":{"start":{"line":47,"column":27},"end":{"line":47,"column":null}},"27":{"start":{"line":49,"column":32},"end":{"line":49,"column":null}},"28":{"start":{"line":51,"column":8},"end":{"line":58,"column":null}},"29":{"start":{"line":52,"column":12},"end":{"line":57,"column":null}},"30":{"start":{"line":54,"column":20},"end":{"line":56,"column":null}},"31":{"start":{"line":60,"column":8},"end":{"line":62,"column":null}},"32":{"start":{"line":61,"column":12},"end":{"line":61,"column":null}},"33":{"start":{"line":61,"column":66},"end":{"line":61,"column":87}},"34":{"start":{"line":64,"column":8},"end":{"line":66,"column":null}},"35":{"start":{"line":65,"column":12},"end":{"line":65,"column":null}},"36":{"start":{"line":65,"column":66},"end":{"line":65,"column":91}},"37":{"start":{"line":68,"column":8},"end":{"line":72,"column":null}},"38":{"start":{"line":69,"column":27},"end":{"line":69,"column":null}},"39":{"start":{"line":70,"column":27},"end":{"line":70,"column":null}},"40":{"start":{"line":71,"column":12},"end":{"line":71,"column":null}},"41":{"start":{"line":74,"column":27},"end":{"line":74,"column":null}},"42":{"start":{"line":75,"column":27},"end":{"line":75,"column":null}},"43":{"start":{"line":76,"column":14},"end":{"line":76,"column":null}},"44":{"start":{"line":77,"column":35},"end":{"line":77,"column":null}},"45":{"start":{"line":79,"column":8},"end":{"line":89,"column":null}},"46":{"start":{"line":93,"column":25},"end":{"line":93,"column":null}},"47":{"start":{"line":93,"column":47},"end":{"line":93,"column":65}},"48":{"start":{"line":95,"column":8},"end":{"line":99,"column":null}},"49":{"start":{"line":96,"column":12},"end":{"line":98,"column":null}},"50":{"start":{"line":101,"column":33},"end":{"line":101,"column":null}},"51":{"start":{"line":101,"column":56},"end":{"line":101,"column":82}},"52":{"start":{"line":103,"column":8},"end":{"line":106,"column":null}},"53":{"start":{"line":110,"column":25},"end":{"line":110,"column":null}},"54":{"start":{"line":111,"column":30},"end":{"line":111,"column":null}},"55":{"start":{"line":111,"column":57},"end":{"line":111,"column":75}},"56":{"start":{"line":113,"column":8},"end":{"line":117,"column":null}},"57":{"start":{"line":114,"column":12},"end":{"line":116,"column":null}},"58":{"start":{"line":119,"column":8},"end":{"line":123,"column":null}},"59":{"start":{"line":125,"column":8},"end":{"line":125,"column":null}},"60":{"start":{"line":129,"column":33},"end":{"line":129,"column":null}},"61":{"start":{"line":129,"column":56},"end":{"line":129,"column":90}},"62":{"start":{"line":130,"column":8},"end":{"line":130,"column":null}},"63":{"start":{"line":134,"column":37},"end":{"line":134,"column":null}},"64":{"start":{"line":136,"column":36},"end":{"line":142,"column":null}},"65":{"start":{"line":144,"column":8},"end":{"line":144,"column":null}},"66":{"start":{"line":145,"column":8},"end":{"line":145,"column":null}},"67":{"start":{"line":149,"column":39},"end":{"line":149,"column":null}},"68":{"start":{"line":154,"column":8},"end":{"line":163,"column":null}},"69":{"start":{"line":155,"column":12},"end":{"line":161,"column":null}},"70":{"start":{"line":156,"column":16},"end":{"line":160,"column":null}},"71":{"start":{"line":162,"column":12},"end":{"line":162,"column":null}},"72":{"start":{"line":165,"column":8},"end":{"line":165,"column":null}}},"fnMap":{"0":{"name":"(anonymous_0)","decl":{"start":{"line":10,"column":21},"end":{"line":10,"column":22}},"loc":{"start":{"line":10,"column":76},"end":{"line":29,"column":null}},"line":10},"1":{"name":"(anonymous_1)","decl":{"start":{"line":31,"column":22},"end":{"line":31,"column":23}},"loc":{"start":{"line":31,"column":93},"end":{"line":35,"column":null}},"line":31},"2":{"name":"(anonymous_2)","decl":{"start":{"line":38,"column":32},"end":{"line":38,"column":33}},"loc":{"start":{"line":38,"column":49},"end":{"line":90,"column":5}},"line":38},"3":{"name":"(anonymous_3)","decl":{"start":{"line":53,"column":16},"end":{"line":53,"column":17}},"loc":{"start":{"line":54,"column":20},"end":{"line":56,"column":null}},"line":54},"4":{"name":"(anonymous_4)","decl":{"start":{"line":61,"column":57},"end":{"line":61,"column":58}},"loc":{"start":{"line":61,"column":66},"end":{"line":61,"column":87}},"line":61},"5":{"name":"(anonymous_5)","decl":{"start":{"line":65,"column":57},"end":{"line":65,"column":58}},"loc":{"start":{"line":65,"column":66},"end":{"line":65,"column":91}},"line":65},"6":{"name":"(anonymous_6)","decl":{"start":{"line":68,"column":31},"end":{"line":68,"column":32}},"loc":{"start":{"line":68,"column":41},"end":{"line":72,"column":9}},"line":68},"7":{"name":"(anonymous_7)","decl":{"start":{"line":92,"column":36},"end":{"line":92,"column":37}},"loc":{"start":{"line":92,"column":52},"end":{"line":107,"column":5}},"line":92},"8":{"name":"(anonymous_8)","decl":{"start":{"line":93,"column":40},"end":{"line":93,"column":41}},"loc":{"start":{"line":93,"column":47},"end":{"line":93,"column":65}},"line":93},"9":{"name":"(anonymous_9)","decl":{"start":{"line":101,"column":49},"end":{"line":101,"column":50}},"loc":{"start":{"line":101,"column":56},"end":{"line":101,"column":82}},"line":101},"10":{"name":"(anonymous_10)","decl":{"start":{"line":109,"column":38},"end":{"line":109,"column":45}},"loc":{"start":{"line":109,"column":69},"end":{"line":126,"column":5}},"line":109},"11":{"name":"(anonymous_11)","decl":{"start":{"line":111,"column":50},"end":{"line":111,"column":51}},"loc":{"start":{"line":111,"column":57},"end":{"line":111,"column":75}},"line":111},"12":{"name":"(anonymous_12)","decl":{"start":{"line":128,"column":53},"end":{"line":128,"column":54}},"loc":{"start":{"line":128,"column":69},"end":{"line":131,"column":5}},"line":128},"13":{"name":"(anonymous_13)","decl":{"start":{"line":129,"column":49},"end":{"line":129,"column":50}},"loc":{"start":{"line":129,"column":56},"end":{"line":129,"column":90}},"line":129},"14":{"name":"(anonymous_14)","decl":{"start":{"line":133,"column":54},"end":{"line":133,"column":61}},"loc":{"start":{"line":133,"column":85},"end":{"line":146,"column":5}},"line":133},"15":{"name":"(anonymous_15)","decl":{"start":{"line":148,"column":45},"end":{"line":148,"column":52}},"loc":{"start":{"line":148,"column":68},"end":{"line":166,"column":5}},"line":148},"16":{"name":"(anonymous_16)","decl":{"start":{"line":154,"column":34},"end":{"line":154,"column":35}},"loc":{"start":{"line":154,"column":43},"end":{"line":163,"column":9}},"line":154}},"branchMap":{"0":{"loc":{"start":{"line":11,"column":4},"end":{"line":28,"column":null}},"type":"switch","locations":[{"start":{"line":12,"column":8},"end":{"line":13,"column":null}},{"start":{"line":14,"column":8},"end":{"line":15,"column":null}},{"start":{"line":16,"column":8},"end":{"line":17,"column":null}},{"start":{"line":18,"column":8},"end":{"line":19,"column":null}},{"start":{"line":20,"column":8},"end":{"line":21,"column":null}},{"start":{"line":22,"column":8},"end":{"line":23,"column":null}},{"start":{"line":24,"column":8},"end":{"line":25,"column":null}},{"start":{"line":26,"column":8},"end":{"line":27,"column":null}}],"line":11},"1":{"loc":{"start":{"line":32,"column":4},"end":{"line":32,"column":null}},"type":"if","locations":[{"start":{"line":32,"column":4},"end":{"line":32,"column":null}},{"start":{},"end":{}}],"line":32},"2":{"loc":{"start":{"line":32,"column":22},"end":{"line":32,"column":null}},"type":"cond-expr","locations":[{"start":{"line":32,"column":40},"end":{"line":32,"column":45}},{"start":{"line":32,"column":45},"end":{"line":32,"column":null}}],"line":32},"3":{"loc":{"start":{"line":33,"column":4},"end":{"line":33,"column":null}},"type":"if","locations":[{"start":{"line":33,"column":4},"end":{"line":33,"column":null}},{"start":{},"end":{}}],"line":33},"4":{"loc":{"start":{"line":33,"column":22},"end":{"line":33,"column":null}},"type":"cond-expr","locations":[{"start":{"line":33,"column":40},"end":{"line":33,"column":44}},{"start":{"line":33,"column":44},"end":{"line":33,"column":null}}],"line":33},"5":{"loc":{"start":{"line":41,"column":28},"end":{"line":41,"column":63}},"type":"binary-expr","locations":[{"start":{"line":41,"column":28},"end":{"line":41,"column":60}},{"start":{"line":41,"column":60},"end":{"line":41,"column":63}}],"line":41},"6":{"loc":{"start":{"line":42,"column":29},"end":{"line":42,"column":66}},"type":"binary-expr","locations":[{"start":{"line":42,"column":29},"end":{"line":42,"column":62}},{"start":{"line":42,"column":62},"end":{"line":42,"column":66}}],"line":42},"7":{"loc":{"start":{"line":43,"column":23},"end":{"line":43,"column":null}},"type":"binary-expr","locations":[{"start":{"line":43,"column":23},"end":{"line":43,"column":57}},{"start":{"line":43,"column":57},"end":{"line":43,"column":null}}],"line":43},"8":{"loc":{"start":{"line":46,"column":23},"end":{"line":46,"column":null}},"type":"binary-expr","locations":[{"start":{"line":46,"column":23},"end":{"line":46,"column":57}},{"start":{"line":46,"column":57},"end":{"line":46,"column":null}}],"line":46},"9":{"loc":{"start":{"line":47,"column":27},"end":{"line":47,"column":null}},"type":"binary-expr","locations":[{"start":{"line":47,"column":27},"end":{"line":47,"column":64}},{"start":{"line":47,"column":64},"end":{"line":47,"column":null}}],"line":47},"10":{"loc":{"start":{"line":51,"column":8},"end":{"line":58,"column":null}},"type":"if","locations":[{"start":{"line":51,"column":8},"end":{"line":58,"column":null}},{"start":{},"end":{}}],"line":51},"11":{"loc":{"start":{"line":54,"column":20},"end":{"line":56,"column":null}},"type":"binary-expr","locations":[{"start":{"line":54,"column":20},"end":{"line":54,"column":null}},{"start":{"line":55,"column":20},"end":{"line":55,"column":null}},{"start":{"line":56,"column":20},"end":{"line":56,"column":null}}],"line":54},"12":{"loc":{"start":{"line":60,"column":8},"end":{"line":62,"column":null}},"type":"if","locations":[{"start":{"line":60,"column":8},"end":{"line":62,"column":null}},{"start":{},"end":{}}],"line":60},"13":{"loc":{"start":{"line":60,"column":12},"end":{"line":60,"column":37}},"type":"binary-expr","locations":[{"start":{"line":60,"column":12},"end":{"line":60,"column":22}},{"start":{"line":60,"column":22},"end":{"line":60,"column":37}}],"line":60},"14":{"loc":{"start":{"line":64,"column":8},"end":{"line":66,"column":null}},"type":"if","locations":[{"start":{"line":64,"column":8},"end":{"line":66,"column":null}},{"start":{},"end":{}}],"line":64},"15":{"loc":{"start":{"line":64,"column":12},"end":{"line":64,"column":41}},"type":"binary-expr","locations":[{"start":{"line":64,"column":12},"end":{"line":64,"column":24}},{"start":{"line":64,"column":24},"end":{"line":64,"column":41}}],"line":64},"16":{"loc":{"start":{"line":95,"column":8},"end":{"line":99,"column":null}},"type":"if","locations":[{"start":{"line":95,"column":8},"end":{"line":99,"column":null}},{"start":{},"end":{}}],"line":95},"17":{"loc":{"start":{"line":113,"column":8},"end":{"line":117,"column":null}},"type":"if","locations":[{"start":{"line":113,"column":8},"end":{"line":117,"column":null}},{"start":{},"end":{}}],"line":113},"18":{"loc":{"start":{"line":155,"column":12},"end":{"line":161,"column":null}},"type":"if","locations":[{"start":{"line":155,"column":12},"end":{"line":161,"column":null}},{"start":{},"end":{}}],"line":155}},"s":{"0":5,"1":5,"2":5,"3":1032,"4":0,"5":0,"6":0,"7":0,"8":0,"9":1032,"10":0,"11":0,"12":5,"13":516,"14":96,"15":420,"16":420,"17":0,"18":5,"19":15,"20":15,"21":15,"22":15,"23":15,"24":15,"25":15,"26":15,"27":15,"28":15,"29":3,"30":45,"31":15,"32":0,"33":0,"34":15,"35":0,"36":0,"37":15,"38":516,"39":516,"40":516,"41":15,"42":15,"43":15,"44":15,"45":15,"46":28,"47":56,"48":28,"49":0,"50":28,"51":128,"52":28,"53":4,"54":2,"55":2,"56":2,"57":0,"58":2,"59":2,"60":26,"61":120,"62":26,"63":6,"64":3,"65":3,"66":3,"67":0,"68":0,"69":0,"70":0,"71":0,"72":0},"f":{"0":1032,"1":516,"2":15,"3":45,"4":0,"5":0,"6":516,"7":28,"8":56,"9":128,"10":4,"11":2,"12":26,"13":120,"14":6,"15":0,"16":0},"b":{"0":[0,0,0,0,0,1032,0,0],"1":[96,420],"2":[0,96],"3":[420,0],"4":[0,420],"5":[15,0],"6":[15,0],"7":[15,12],"8":[15,0],"9":[15,0],"10":[3,12],"11":[45,45,43],"12":[0,15],"13":[15,0],"14":[0,15],"15":[15,0],"16":[0,28],"17":[0,2],"18":[0,0]},"meta":{"lastBranch":19,"lastFunction":17,"lastStatement":73,"seen":{"s:5:16:5:Infinity":0,"s:6:17:6:Infinity":1,"s:10:21:29:Infinity":2,"f:10:21:10:22":0,"b:12:8:13:Infinity:14:8:15:Infinity:16:8:17:Infinity:18:8:19:Infinity:20:8:21:Infinity:22:8:23:Infinity:24:8:25:Infinity:26:8:27:Infinity":0,"s:11:4:28:Infinity":3,"s:13:12:13:Infinity":4,"s:15:12:15:Infinity":5,"s:17:12:17:Infinity":6,"s:19:12:19:Infinity":7,"s:21:12:21:Infinity":8,"s:23:12:23:Infinity":9,"s:25:12:25:Infinity":10,"s:27:12:27:Infinity":11,"s:31:22:35:Infinity":12,"f:31:22:31:23":1,"b:32:4:32:Infinity:undefined:undefined:undefined:undefined":1,"s:32:4:32:Infinity":13,"s:32:15:32:Infinity":14,"b:32:40:32:45:32:45:32:Infinity":2,"b:33:4:33:Infinity:undefined:undefined:undefined:undefined":3,"s:33:4:33:Infinity":15,"s:33:15:33:Infinity":16,"b:33:40:33:44:33:44:33:Infinity":4,"s:34:4:34:Infinity":17,"s:37:24:167:Infinity":18,"f:38:32:38:33":2,"s:39:20:39:Infinity":19,"s:41:21:41:Infinity":20,"b:41:28:41:60:41:60:41:63":5,"s:42:22:42:Infinity":21,"b:42:29:42:62:42:62:42:66":6,"s:43:23:43:Infinity":22,"b:43:23:43:57:43:57:43:Infinity":7,"s:44:23:44:Infinity":23,"s:45:25:45:Infinity":24,"s:46:23:46:Infinity":25,"b:46:23:46:57:46:57:46:Infinity":8,"s:47:27:47:Infinity":26,"b:47:27:47:64:47:64:47:Infinity":9,"s:49:32:49:Infinity":27,"b:51:8:58:Infinity:undefined:undefined:undefined:undefined":10,"s:51:8:58:Infinity":28,"s:52:12:57:Infinity":29,"f:53:16:53:17":3,"s:54:20:56:Infinity":30,"b:54:20:54:Infinity:55:20:55:Infinity:56:20:56:Infinity":11,"b:60:8:62:Infinity:undefined:undefined:undefined:undefined":12,"s:60:8:62:Infinity":31,"b:60:12:60:22:60:22:60:37":13,"s:61:12:61:Infinity":32,"f:61:57:61:58":4,"s:61:66:61:87":33,"b:64:8:66:Infinity:undefined:undefined:undefined:undefined":14,"s:64:8:66:Infinity":34,"b:64:12:64:24:64:24:64:41":15,"s:65:12:65:Infinity":35,"f:65:57:65:58":5,"s:65:66:65:91":36,"s:68:8:72:Infinity":37,"f:68:31:68:32":6,"s:69:27:69:Infinity":38,"s:70:27:70:Infinity":39,"s:71:12:71:Infinity":40,"s:74:27:74:Infinity":41,"s:75:27:75:Infinity":42,"s:76:14:76:Infinity":43,"s:77:35:77:Infinity":44,"s:79:8:89:Infinity":45,"f:92:36:92:37":7,"s:93:25:93:Infinity":46,"f:93:40:93:41":8,"s:93:47:93:65":47,"b:95:8:99:Infinity:undefined:undefined:undefined:undefined":16,"s:95:8:99:Infinity":48,"s:96:12:98:Infinity":49,"s:101:33:101:Infinity":50,"f:101:49:101:50":9,"s:101:56:101:82":51,"s:103:8:106:Infinity":52,"f:109:38:109:45":10,"s:110:25:110:Infinity":53,"s:111:30:111:Infinity":54,"f:111:50:111:51":11,"s:111:57:111:75":55,"b:113:8:117:Infinity:undefined:undefined:undefined:undefined":17,"s:113:8:117:Infinity":56,"s:114:12:116:Infinity":57,"s:119:8:123:Infinity":58,"s:125:8:125:Infinity":59,"f:128:53:128:54":12,"s:129:33:129:Infinity":60,"f:129:49:129:50":13,"s:129:56:129:90":61,"s:130:8:130:Infinity":62,"f:133:54:133:61":14,"s:134:37:134:Infinity":63,"s:136:36:142:Infinity":64,"s:144:8:144:Infinity":65,"s:145:8:145:Infinity":66,"f:148:45:148:52":15,"s:149:39:149:Infinity":67,"s:154:8:163:Infinity":68,"f:154:34:154:35":16,"b:155:12:161:Infinity:undefined:undefined:undefined:undefined":18,"s:155:12:161:Infinity":69,"s:156:16:160:Infinity":70,"s:162:12:162:Infinity":71,"s:165:8:165:Infinity":72}}}
,"/home/kotrvn/work/incident-inbox-frontend/src/mocks/server.ts": {"path":"/home/kotrvn/work/incident-inbox-frontend/src/mocks/server.ts","statementMap":{"0":{"start":{"line":4,"column":13},"end":{"line":4,"column":null}}},"fnMap":{},"branchMap":{},"s":{"0":5},"f":{},"b":{},"meta":{"lastBranch":0,"lastFunction":0,"lastStatement":1,"seen":{"s:4:13:4:Infinity":0}}}
,"/home/kotrvn/work/incident-inbox-frontend/src/routes/incidents/[id].tsx": {"path":"/home/kotrvn/work/incident-inbox-frontend/src/routes/incidents/[id].tsx","statementMap":{"0":{"start":{"line":28,"column":34},"end":{"line":165,"column":null}},"1":{"start":{"line":29,"column":15},"end":{"line":29,"column":null}},"2":{"start":{"line":30,"column":10},"end":{"line":30,"column":null}},"3":{"start":{"line":32,"column":45},"end":{"line":32,"column":null}},"4":{"start":{"line":33,"column":55},"end":{"line":33,"column":null}},"5":{"start":{"line":34,"column":10},"end":{"line":34,"column":null}},"6":{"start":{"line":35,"column":10},"end":{"line":35,"column":null}},"7":{"start":{"line":37,"column":4},"end":{"line":37,"column":null}},"8":{"start":{"line":37,"column":19},"end":{"line":37,"column":null}},"9":{"start":{"line":39,"column":4},"end":{"line":46,"column":null}},"10":{"start":{"line":40,"column":8},"end":{"line":44,"column":null}},"11":{"start":{"line":48,"column":31},"end":{"line":64,"column":null}},"12":{"start":{"line":49,"column":8},"end":{"line":63,"column":null}},"13":{"start":{"line":50,"column":12},"end":{"line":53,"column":null}},"14":{"start":{"line":54,"column":12},"end":{"line":57,"column":null}},"15":{"start":{"line":59,"column":12},"end":{"line":62,"column":null}},"16":{"start":{"line":66,"column":33},"end":{"line":82,"column":null}},"17":{"start":{"line":67,"column":8},"end":{"line":81,"column":null}},"18":{"start":{"line":68,"column":12},"end":{"line":71,"column":null}},"19":{"start":{"line":72,"column":12},"end":{"line":75,"column":null}},"20":{"start":{"line":77,"column":12},"end":{"line":80,"column":null}},"21":{"start":{"line":84,"column":29},"end":{"line":90,"column":null}},"22":{"start":{"line":85,"column":8},"end":{"line":89,"column":null}},"23":{"start":{"line":92,"column":4},"end":{"line":163,"column":null}},"24":{"start":{"line":96,"column":59},"end":{"line":96,"column":null}}},"fnMap":{"0":{"name":"(anonymous_0)","decl":{"start":{"line":28,"column":34},"end":{"line":28,"column":40}},"loc":{"start":{"line":28,"column":40},"end":{"line":165,"column":null}},"line":28},"1":{"name":"(anonymous_1)","decl":{"start":{"line":48,"column":31},"end":{"line":48,"column":38}},"loc":{"start":{"line":48,"column":68},"end":{"line":64,"column":null}},"line":48},"2":{"name":"(anonymous_2)","decl":{"start":{"line":66,"column":33},"end":{"line":66,"column":40}},"loc":{"start":{"line":66,"column":74},"end":{"line":82,"column":null}},"line":66},"3":{"name":"(anonymous_3)","decl":{"start":{"line":84,"column":29},"end":{"line":84,"column":36}},"loc":{"start":{"line":84,"column":72},"end":{"line":90,"column":null}},"line":84},"4":{"name":"(anonymous_4)","decl":{"start":{"line":96,"column":53},"end":{"line":96,"column":59}},"loc":{"start":{"line":96,"column":59},"end":{"line":96,"column":null}},"line":96}},"branchMap":{"0":{"loc":{"start":{"line":37,"column":4},"end":{"line":37,"column":null}},"type":"if","locations":[{"start":{"line":37,"column":4},"end":{"line":37,"column":null}},{"start":{},"end":{}}],"line":37},"1":{"loc":{"start":{"line":39,"column":4},"end":{"line":46,"column":null}},"type":"if","locations":[{"start":{"line":39,"column":4},"end":{"line":46,"column":null}},{"start":{},"end":{}}],"line":39},"2":{"loc":{"start":{"line":39,"column":8},"end":{"line":39,"column":28}},"type":"binary-expr","locations":[{"start":{"line":39,"column":8},"end":{"line":39,"column":17}},{"start":{"line":39,"column":17},"end":{"line":39,"column":28}}],"line":39},"3":{"loc":{"start":{"line":154,"column":47},"end":{"line":154,"column":63}},"type":"binary-expr","locations":[{"start":{"line":154,"column":47},"end":{"line":154,"column":59}},{"start":{"line":154,"column":59},"end":{"line":154,"column":63}}],"line":154}},"s":{"0":3,"1":25,"2":25,"3":25,"4":25,"5":25,"6":25,"7":25,"8":10,"9":15,"10":1,"11":14,"12":2,"13":2,"14":2,"15":0,"16":14,"17":0,"18":0,"19":0,"20":0,"21":14,"22":3,"23":14,"24":0},"f":{"0":25,"1":2,"2":0,"3":3,"4":0},"b":{"0":[10,15],"1":[1,14],"2":[15,14],"3":[14,0]},"meta":{"lastBranch":4,"lastFunction":5,"lastStatement":25,"seen":{"s:28:34:165:Infinity":0,"f:28:34:28:40":0,"s:29:15:29:Infinity":1,"s:30:10:30:Infinity":2,"s:32:45:32:Infinity":3,"s:33:55:33:Infinity":4,"s:34:10:34:Infinity":5,"s:35:10:35:Infinity":6,"b:37:4:37:Infinity:undefined:undefined:undefined:undefined":0,"s:37:4:37:Infinity":7,"s:37:19:37:Infinity":8,"b:39:4:46:Infinity:undefined:undefined:undefined:undefined":1,"s:39:4:46:Infinity":9,"b:39:8:39:17:39:17:39:28":2,"s:40:8:44:Infinity":10,"s:48:31:64:Infinity":11,"f:48:31:48:38":1,"s:49:8:63:Infinity":12,"s:50:12:53:Infinity":13,"s:54:12:57:Infinity":14,"s:59:12:62:Infinity":15,"s:66:33:82:Infinity":16,"f:66:33:66:40":2,"s:67:8:81:Infinity":17,"s:68:12:71:Infinity":18,"s:72:12:75:Infinity":19,"s:77:12:80:Infinity":20,"s:84:29:90:Infinity":21,"f:84:29:84:36":3,"s:85:8:89:Infinity":22,"s:92:4:163:Infinity":23,"f:96:53:96:59":4,"s:96:59:96:Infinity":24,"b:154:47:154:59:154:59:154:63":3}}}
[...]
otrvn/work/incident-inbox-frontend/src/shared/components/Pagination.tsx": {"path":"/home/kotrvn/work/incident-inbox-frontend/src/shared/components/Pagination.tsx","statementMap":{"0":{"start":{"line":25,"column":6},"end":{"line":32,"column":null}},"1":{"start":{"line":34,"column":26},"end":{"line":134,"column":null}},"2":{"start":{"line":43,"column":28},"end":{"line":43,"column":null}},"3":{"start":{"line":44,"column":27},"end":{"line":44,"column":null}},"4":{"start":{"line":45,"column":27},"end":{"line":45,"column":null}},"5":{"start":{"line":46,"column":25},"end":{"line":46,"column":null}},"6":{"start":{"line":47,"column":22},"end":{"line":47,"column":null}},"7":{"start":{"line":48,"column":20},"end":{"line":48,"column":null}},"8":{"start":{"line":50,"column":4},"end":{"line":52,"column":null}},"9":{"start":{"line":51,"column":8},"end":{"line":51,"column":null}},"10":{"start":{"line":54,"column":4},"end":{"line":132,"column":null}},"11":{"start":{"line":65,"column":41},"end":{"line":65,"column":null}},"12":{"start":{"line":78,"column":32},"end":{"line":85,"column":null}},"13":{"start":{"line":82,"column":51},"end":{"line":82,"column":null}},"14":{"start":{"line":107,"column":50},"end":{"line":107,"column":null}},"15":{"start":{"line":121,"column":44},"end":{"line":123,"column":null}}},"fnMap":{"0":{"name":"(anonymous_0)","decl":{"start":{"line":34,"column":26},"end":{"line":34,"column":27}},"loc":{"start":{"line":42,"column":23},"end":{"line":134,"column":null}},"line":42},"1":{"name":"(anonymous_1)","decl":{"start":{"line":65,"column":34},"end":{"line":65,"column":35}},"loc":{"start":{"line":65,"column":41},"end":{"line":65,"column":null}},"line":65},"2":{"name":"(anonymous_2)","decl":{"start":{"line":77,"column":36},"end":{"line":77,"column":37}},"loc":{"start":{"line":78,"column":32},"end":{"line":85,"column":null}},"line":78},"3":{"name":"(anonymous_3)","decl":{"start":{"line":82,"column":45},"end":{"line":82,"column":51}},"loc":{"start":{"line":82,"column":51},"end":{"line":82,"column":null}},"line":82},"4":{"name":"(anonymous_4)","decl":{"start":{"line":107,"column":43},"end":{"line":107,"column":44}},"loc":{"start":{"line":107,"column":50},"end":{"line":107,"column":null}},"line":107},"5":{"name":"(anonymous_5)","decl":{"start":{"line":120,"column":67},"end":{"line":120,"column":68}},"loc":{"start":{"line":121,"column":44},"end":{"line":123,"column":null}},"line":121}},"branchMap":{"0":{"loc":{"start":{"line":41,"column":4},"end":{"line":41,"column":null}},"type":"default-arg","locations":[{"start":{"line":41,"column":19},"end":{"line":41,"column":null}}],"line":41},"1":{"loc":{"start":{"line":43,"column":28},"end":{"line":43,"column":null}},"type":"binary-expr","locations":[{"start":{"line":43,"column":28},"end":{"line":43,"column":43}},{"start":{"line":43,"column":43},"end":{"line":43,"column":null}}],"line":43},"2":{"loc":{"start":{"line":44,"column":27},"end":{"line":44,"column":null}},"type":"binary-expr","locations":[{"start":{"line":44,"column":27},"end":{"line":44,"column":41}},{"start":{"line":44,"column":41},"end":{"line":44,"column":null}}],"line":44},"3":{"loc":{"start":{"line":45,"column":27},"end":{"line":45,"column":null}},"type":"binary-expr","locations":[{"start":{"line":45,"column":27},"end":{"line":45,"column":41}},{"start":{"line":45,"column":41},"end":{"line":45,"column":null}}],"line":45},"4":{"loc":{"start":{"line":46,"column":25},"end":{"line":46,"column":null}},"type":"binary-expr","locations":[{"start":{"line":46,"column":25},"end":{"line":46,"column":37}},{"start":{"line":46,"column":37},"end":{"line":46,"column":null}}],"line":46},"5":{"loc":{"start":{"line":47,"column":22},"end":{"line":47,"column":null}},"type":"cond-expr","locations":[{"start":{"line":47,"column":45},"end":{"line":47,"column":50}},{"start":{"line":47,"column":45},"end":{"line":47,"column":null}}],"line":47},"6":{"loc":{"start":{"line":50,"column":4},"end":{"line":52,"column":null}},"type":"if","locations":[{"start":{"line":50,"column":4},"end":{"line":52,"column":null}},{"start":{},"end":{}}],"line":50},"7":{"loc":{"start":{"line":80,"column":45},"end":{"line":80,"column":null}},"type":"cond-expr","locations":[{"start":{"line":80,"column":78},"end":{"line":80,"column":88}},{"start":{"line":80,"column":88},"end":{"line":80,"column":null}}],"line":80},"8":{"loc":{"start":{"line":81,"column":50},"end":{"line":81,"column":null}},"type":"cond-expr","locations":[{"start":{"line":81,"column":83},"end":{"line":81,"column":92}},{"start":{"line":81,"column":92},"end":{"line":81,"column":null}}],"line":81},"9":{"loc":{"start":{"line":102,"column":17},"end":{"line":129,"column":null}},"type":"binary-expr","locations":[{"start":{"line":102,"column":17},"end":{"line":102,"column":null}},{"start":{"line":103,"column":20},"end":{"line":129,"column":null}}],"line":102}},"s":{"0":2,"1":2,"2":8,"3":8,"4":8,"5":8,"6":8,"7":8,"8":8,"9":0,"10":8,"11":0,"12":15,"13":0,"14":0,"15":32},"f":{"0":8,"1":0,"2":15,"3":0,"4":0,"5":32},"b":{"0":[8],"1":[8,0],"2":[8,0],"3":[8,0],"4":[8,0],"5":[0,8],"6":[0,8],"7":[8,7],"8":[8,7],"9":[8,8]},"meta":{"lastBranch":10,"lastFunction":6,"lastStatement":16,"seen":{"s:25:6:32:Infinity":0,"s:34:26:134:Infinity":1,"f:34:26:34:27":0,"b:41:19:41:Infinity":0,"s:43:28:43:Infinity":2,"b:43:28:43:43:43:43:43:Infinity":1,"s:44:27:44:Infinity":3,"b:44:27:44:41:44:41:44:Infinity":2,"s:45:27:45:Infinity":4,"b:45:27:45:41:45:41:45:Infinity":3,"s:46:25:46:Infinity":5,"b:46:25:46:37:46:37:46:Infinity":4,"s:47:22:47:Infinity":6,"b:47:45:47:50:47:45:47:Infinity":5,"s:48:20:48:Infinity":7,"b:50:4:52:Infinity:undefined:undefined:undefined:undefined":6,"s:50:4:52:Infinity":8,"s:51:8:51:Infinity":9,"s:54:4:132:Infinity":10,"f:65:34:65:35":1,"s:65:41:65:Infinity":11,"f:77:36:77:37":2,"s:78:32:85:Infinity":12,"b:80:78:80:88:80:88:80:Infinity":7,"b:81:83:81:92:81:92:81:Infinity":8,"f:82:45:82:51":3,"s:82:51:82:Infinity":13,"b:102:17:102:Infinity:103:20:129:Infinity":9,"f:107:43:107:44":4,"s:107:50:107:Infinity":14,"f:120:67:120:68":5,"s:121:44:123:Infinity":15}}}
,"/home/kotrvn/work/incident-inbox-frontend/src/shared/components/SearchInput.tsx": {"path":"/home/kotrvn/work/incident-inbox-frontend/src/shared/components/SearchInput.tsx","statementMap":{"0":{"start":{"line":13,"column":27},"end":{"line":43,"column":null}},"1":{"start":{"line":20,"column":36},"end":{"line":20,"column":null}},"2":{"start":{"line":21,"column":10},"end":{"line":21,"column":null}},"3":{"start":{"line":22,"column":10},"end":{"line":22,"column":null}},"4":{"start":{"line":24,"column":4},"end":{"line":30,"column":null}},"5":{"start":{"line":25,"column":8},"end":{"line":28,"column":null}},"6":{"start":{"line":26,"column":12},"end":{"line":26,"column":null}},"7":{"start":{"line":27,"column":12},"end":{"line":27,"column":null}},"8":{"start":{"line":29,"column":8},"end":{"line":29,"column":null}},"9":{"start":{"line":32,"column":4},"end":{"line":41,"column":null}},"10":{"start":{"line":38,"column":33},"end":{"line":38,"column":null}}},"fnMap":{"0":{"name":"(anonymous_0)","decl":{"start":{"line":13,"column":27},"end":{"line":13,"column":28}},"loc":{"start":{"line":19,"column":24},"end":{"line":43,"column":null}},"line":19},"1":{"name":"(anonymous_1)","decl":{"start":{"line":24,"column":14},"end":{"line":24,"column":20}},"loc":{"start":{"line":24,"column":20},"end":{"line":30,"column":7}},"line":24},"2":{"name":"(anonymous_2)","decl":{"start":{"line":38,"column":26},"end":{"line":38,"column":27}},"loc":{"start":{"line":38,"column":33},"end":{"line":38,"column":null}},"line":38}},"branchMap":{"0":{"loc":{"start":{"line":14,"column":4},"end":{"line":14,"column":null}},"type":"default-arg","locations":[{"start":{"line":14,"column":19},"end":{"line":14,"column":null}}],"line":14},"1":{"loc":{"start":{"line":16,"column":4},"end":{"line":16,"column":null}},"type":"default-arg","locations":[{"start":{"line":16,"column":18},"end":{"line":16,"column":null}}],"line":16},"2":{"loc":{"start":{"line":17,"column":4},"end":{"line":17,"column":null}},"type":"default-arg","locations":[{"start":{"line":17,"column":12},"end":{"line":17,"column":null}}],"line":17},"3":{"loc":{"start":{"line":18,"column":4},"end":{"line":18,"column":null}},"type":"default-arg","locations":[{"start":{"line":18,"column":12},"end":{"line":18,"column":null}}],"line":18},"4":{"loc":{"start":{"line":25,"column":8},"end":{"line":28,"column":null}},"type":"if","locations":[{"start":{"line":25,"column":8},"end":{"line":28,"column":null}},{"start":{},"end":{}}],"line":25}},"s":{"0":2,"1":67,"2":67,"3":67,"4":67,"5":12,"6":10,"7":10,"8":2,"9":67,"10":40},"f":{"0":67,"1":12,"2":40},"b":{"0":[67],"1":[67],"2":[67],"3":[67],"4":[10,2]},"meta":{"lastBranch":5,"lastFunction":3,"lastStatement":11,"seen":{"s:13:27:43:Infinity":0,"f:13:27:13:28":0,"b:14:19:14:Infinity":0,"b:16:18:16:Infinity":1,"b:17:12:17:Infinity":2,"b:18:12:18:Infinity":3,"s:20:36:20:Infinity":1,"s:21:10:21:Infinity":2,"s:22:10:22:Infinity":3,"s:24:4:30:Infinity":4,"f:24:14:24:20":1,"b:25:8:28:Infinity:undefined:undefined:undefined:undefined":4,"s:25:8:28:Infinity":5,"s:26:12:26:Infinity":6,"s:27:12:27:Infinity":7,"s:29:8:29:Infinity":8,"s:32:4:41:Infinity":9,"f:38:26:38:27":2,"s:38:33:38:Infinity":10}}}
,"/home/kotrvn/work/incident-inbox-frontend/src/shared/components/SkeletonTable.tsx": {"path":"/home/kotrvn/work/incident-inbox-frontend/src/shared/components/SkeletonTable.tsx","statementMap":{"0":{"start":{"line":3,"column":29},"end":{"line":44,"column":null}},"1":{"start":{"line":4,"column":4},"end":{"line":42,"column":null}},"2":{"start":{"line":19,"column":24},"end":{"line":38,"column":null}}},"fnMap":{"0":{"name":"(anonymous_0)","decl":{"start":{"line":3,"column":29},"end":{"line":3,"column":35}},"loc":{"start":{"line":3,"column":35},"end":{"line":44,"column":null}},"line":3},"1":{"name":"(anonymous_1)","decl":{"start":{"line":18,"column":39},"end":{"line":18,"column":40}},"loc":{"start":{"line":19,"column":24},"end":{"line":38,"column":null}},"line":19}},"branchMap":{},"s":{"0":2,"1":11,"2":55},"f":{"0":11,"1":55},"b":{},"meta":{"lastBranch":0,"lastFunction":2,"lastStatement":3,"seen":{"s:3:29:44:Infinity":0,"f:3:29:3:35":0,"s:4:4:42:Infinity":1,"f:18:39:18:40":1,"s:19:24:38:Infinity":2}}}
,"/home/kotrvn/work/incident-inbox-frontend/src/shared/hooks/useDebounce.ts": {"path":"/home/kotrvn/work/incident-inbox-frontend/src/shared/hooks/useDebounce.ts","statementMap":{"0":{"start":{"line":4,"column":44},"end":{"line":4,"column":null}},"1":{"start":{"line":6,"column":4},"end":{"line":14,"column":null}},"2":{"start":{"line":7,"column":24},"end":{"line":9,"column":null}},"3":{"start":{"line":8,"column":12},"end":{"line":8,"column":null}},"4":{"start":{"line":11,"column":8},"end":{"line":13,"column":null}},"5":{"start":{"line":12,"column":12},"end":{"line":12,"column":null}},"6":{"start":{"line":16,"column":4},"end":{"line":16,"column":null}}},"fnMap":{"0":{"name":"useDebounce","decl":{"start":{"line":3,"column":16},"end":{"line":3,"column":31}},"loc":{"start":{"line":3,"column":59},"end":{"line":17,"column":null}},"line":3},"1":{"name":"(anonymous_1)","decl":{"start":{"line":6,"column":14},"end":{"line":6,"column":20}},"loc":{"start":{"line":6,"column":20},"end":{"line":14,"column":7}},"line":6},"2":{"name":"(anonymous_2)","decl":{"start":{"line":7,"column":35},"end":{"line":7,"column":41}},"loc":{"start":{"line":7,"column":41},"end":{"line":9,"column":11}},"line":7},"3":{"name":"(anonymous_3)","decl":{"start":{"line":11,"column":15},"end":{"line":11,"column":21}},"loc":{"start":{"line":11,"column":21},"end":{"line":13,"column":null}},"line":11}},"branchMap":{},"s":{"0":192,"1":192,"2":160,"3":4,"4":160,"5":160,"6":192},"f":{"0":192,"1":160,"2":4,"3":160},"b":{},"meta":{"lastBranch":0,"lastFunction":4,"lastStatement":7,"seen":{"f:3:16:3:31":0,"s:4:44:4:Infinity":0,"s:6:4:14:Infinity":1,"f:6:14:6:20":1,"s:7:24:9:Infinity":2,"f:7:35:7:41":2,"s:8:12:8:Infinity":3,"s:11:8:13:Infinity":4,"f:11:15:11:21":3,"s:12:12:12:Infinity":5,"s:16:4:16:Infinity":6}}}
,"/home/kotrvn/work/incident-inbox-frontend/src/shared/utils/constants.ts": {"path":"/home/kotrvn/work/incident-inbox-frontend/src/shared/utils/constants.ts","statementMap":{"0":{"start":{"line":3,"column":61},"end":{"line":8,"column":null}},"1":{"start":{"line":10,"column":65},"end":{"line":15,"column":null}},"2":{"start":{"line":17,"column":65},"end":{"line":22,"column":null}},"3":{"start":{"line":24,"column":61},"end":{"line":29,"column":null}}},"fnMap":{},"branchMap":{},"s":{"0":5,"1":5,"2":5,"3":5},"f":{},"b":{},"meta":{"lastBranch":0,"lastFunction":0,"lastStatement":4,"seen":{"s:3:61:8:Infinity":0,"s:10:65:15:Infinity":1,"s:17:65:22:Infinity":2,"s:24:61:29:Infinity":3}}}
,"/home/kotrvn/work/incident-inbox-frontend/src/shared/utils/dateFormat.ts": {"path":"/home/kotrvn/work/incident-inbox-frontend/src/shared/utils/dateFormat.ts","statementMap":{"0":{"start":{"line":1,"column":26},"end":{"line":10,"column":null}},"1":{"start":{"line":2,"column":17},"end":{"line":2,"column":null}},"2":{"start":{"line":3,"column":4},"end":{"line":9,"column":null}},"3":{"start":{"line":12,"column":34},"end":{"line":37,"column":null}},"4":{"start":{"line":13,"column":17},"end":{"line":13,"column":null}},"5":{"start":{"line":14,"column":16},"end":{"line":14,"column":null}},"6":{"start":{"line":15,"column":26},"end":{"line":15,"column":null}},"7":{"start":{"line":17,"column":4},"end":{"line":19,"column":null}},"8":{"start":{"line":18,"column":8},"end":{"line":18,"column":null}},"9":{"start":{"line":21,"column":26},"end":{"line":21,"column":null}},"10":{"start":{"line":22,"column":4},"end":{"line":24,"column":null}},"11":{"start":{"line":23,"column":8},"end":{"line":23,"column":null}},"12":{"start":{"line":26,"column":24},"end":{"line":26,"column":null}},"13":{"start":{"line":27,"column":4},"end":{"line":29,"column":null}},"14":{"start":{"line":28,"column":8},"end":{"line":28,"column":null}},"15":{"start":{"line":31,"column":23},"end":{"line":31,"column":null}},"16":{"start":{"line":32,"column":4},"end":{"line":34,"column":null}},"17":{"start":{"line":33,"column":8},"end":{"line":33,"column":null}},"18":{"start":{"line":36,"column":4},"end":{"line":36,"column":null}},"19":{"start":{"line":40,"column":18},"end":{"line":40,"column":null}},"20":{"start":{"line":41,"column":4},"end":{"line":41,"column":null}}},"fnMap":{"0":{"name":"(anonymous_0)","decl":{"start":{"line":1,"column":26},"end":{"line":1,"column":27}},"loc":{"start":{"line":1,"column":58},"end":{"line":10,"column":null}},"line":1},"1":{"name":"(anonymous_1)","decl":{"start":{"line":12,"column":34},"end":{"line":12,"column":35}},"loc":{"start":{"line":12,"column":66},"end":{"line":37,"column":null}},"line":12},"2":{"name":"getDeclension","decl":{"start":{"line":39,"column":9},"end":{"line":39,"column":23}},"loc":{"start":{"line":39,"column":80},"end":{"line":42,"column":null}},"line":39}},"branchMap":{"0":{"loc":{"start":{"line":17,"column":4},"end":{"line":19,"column":null}},"type":"if","locations":[{"start":{"line":17,"column":4},"end":{"line":19,"column":null}},{"start":{},"end":{}}],"line":17},"1":{"loc":{"start":{"line":22,"column":4},"end":{"line":24,"column":null}},"type":"if","locations":[{"start":{"line":22,"column":4},"end":{"line":24,"column":null}},{"start":{},"end":{}}],"line":22},"2":{"loc":{"start":{"line":27,"column":4},"end":{"line":29,"column":null}},"type":"if","locations":[{"start":{"line":27,"column":4},"end":{"line":29,"column":null}},{"start":{},"end":{}}],"line":27},"3":{"loc":{"start":{"line":32,"column":4},"end":{"line":34,"column":null}},"type":"if","locations":[{"start":{"line":32,"column":4},"end":{"line":34,"column":null}},{"start":{},"end":{}}],"line":32},"4":{"loc":{"start":{"line":41,"column":17},"end":{"line":41,"column":92}},"type":"cond-expr","locations":[{"start":{"line":41,"column":57},"end":{"line":41,"column":61}},{"start":{"line":41,"column":61},"end":{"line":41,"column":92}}],"line":41},"5":{"loc":{"start":{"line":41,"column":17},"end":{"line":41,"column":57}},"type":"binary-expr","locations":[{"start":{"line":41,"column":17},"end":{"line":41,"column":37}},{"start":{"line":41,"column":37},"end":{"line":41,"column":57}}],"line":41}},"s":{"0":5,"1":120,"2":120,"3":5,"4":8,"5":8,"6":8,"7":8,"8":8,"9":0,"10":0,"11":0,"12":0,"13":0,"14":0,"15":0,"16":0,"17":0,"18":0,"19":0,"20":0},"f":{"0":120,"1":8,"2":0},"b":{"0":[8,0],"1":[0,0],"2":[0,0],"3":[0,0],"4":[0,0],"5":[0,0]},"meta":{"lastBranch":6,"lastFunction":3,"lastStatement":21,"seen":{"s:1:26:10:Infinity":0,"f:1:26:1:27":0,"s:2:17:2:Infinity":1,"s:3:4:9:Infinity":2,"s:12:34:37:Infinity":3,"f:12:34:12:35":1,"s:13:17:13:Infinity":4,"s:14:16:14:Infinity":5,"s:15:26:15:Infinity":6,"b:17:4:19:Infinity:undefined:undefined:undefined:undefined":0,"s:17:4:19:Infinity":7,"s:18:8:18:Infinity":8,"s:21:26:21:Infinity":9,"b:22:4:24:Infinity:undefined:undefined:undefined:undefined":1,"s:22:4:24:Infinity":10,"s:23:8:23:Infinity":11,"s:26:24:26:Infinity":12,"b:27:4:29:Infinity:undefined:undefined:undefined:undefined":2,"s:27:4:29:Infinity":13,"s:28:8:28:Infinity":14,"s:31:23:31:Infinity":15,"b:32:4:34:Infinity:undefined:undefined:undefined:undefined":3,"s:32:4:34:Infinity":16,"s:33:8:33:Infinity":17,"s:36:4:36:Infinity":18,"f:39:9:39:23":2,"s:40:18:40:Infinity":19,"s:41:4:41:Infinity":20,"b:41:57:41:61:41:61:41:92":4,"b:41:17:41:37:41:37:41:57":5}}}
,"/home/kotrvn/work/incident-inbox-frontend/src/shared/utils/toaster.ts": {"path":"/home/kotrvn/work/incident-inbox-frontend/src/shared/utils/toaster.ts","statementMap":{"0":{"start":{"line":3,"column":13},"end":{"line":8,"column":null}}},"fnMap":{},"branchMap":{},"s":{"0":1},"f":{},"b":{},"meta":{"lastBranch":0,"lastFunction":0,"lastStatement":1,"seen":{"s:3:13:8:Infinity":0}}}
,"/home/kotrvn/work/incident-inbox-frontend/src/test/test-utils.tsx": {"path":"/home/kotrvn/work/incident-inbox-frontend/src/test/test-utils.tsx","statementMap":{"0":{"start":{"line":19,"column":24},"end":{"line":26,"column":null}},"1":{"start":{"line":28,"column":53},"end":{"line":28,"column":null}},"2":{"start":{"line":30,"column":4},"end":{"line":52,"column":null}},"3":{"start":{"line":37,"column":32},"end":{"line":37,"column":null}}},"fnMap":{"0":{"name":"render","decl":{"start":{"line":18,"column":9},"end":{"line":18,"column":16}},"loc":{"start":{"line":18,"column":71},"end":{"line":53,"column":null}},"line":18},"1":{"name":"(anonymous_1)","decl":{"start":{"line":36,"column":40},"end":{"line":36,"column":41}},"loc":{"start":{"line":37,"column":32},"end":{"line":37,"column":null}},"line":37}},"branchMap":{"0":{"loc":{"start":{"line":28,"column":26},"end":{"line":28,"column":49}},"type":"default-arg","locations":[{"start":{"line":28,"column":43},"end":{"line":28,"column":49}}],"line":28},"1":{"loc":{"start":{"line":28,"column":53},"end":{"line":28,"column":null}},"type":"binary-expr","locations":[{"start":{"line":28,"column":53},"end":{"line":28,"column":64}},{"start":{"line":28,"column":64},"end":{"line":28,"column":null}}],"line":28},"2":{"loc":{"start":{"line":34,"column":21},"end":{"line":47,"column":null}},"type":"cond-expr","locations":[{"start":{"line":35,"column":24},"end":{"line":39,"column":null}},{"start":{"line":40,"column":24},"end":{"line":47,"column":null}}],"line":34},"3":{"loc":{"start":{"line":40,"column":24},"end":{"line":47,"column":null}},"type":"cond-expr","locations":[{"start":{"line":41,"column":24},"end":{"line":43,"column":null}},{"start":{"line":45,"column":24},"end":{"line":47,"column":null}}],"line":40}},"s":{"0":24,"1":24,"2":24,"3":2},"f":{"0":24,"1":2},"b":{"0":[24],"1":[24,10],"2":[1,23],"3":[13,10]},"meta":{"lastBranch":4,"lastFunction":2,"lastStatement":4,"seen":{"f:18:9:18:16":0,"s:19:24:26:Infinity":0,"s:28:53:28:Infinity":1,"b:28:43:28:49":0,"b:28:53:28:64:28:64:28:Infinity":1,"s:30:4:52:Infinity":2,"b:35:24:39:Infinity:40:24:47:Infinity":2,"f:36:40:36:41":1,"s:37:32:37:Infinity":3,"b:41:24:43:Infinity:45:24:47:Infinity":3}}}
}
